#
# A fatal error has been detected by the Java Runtime Environment:
#
#  SIGSEGV (0xb) at pc=0x0000000000000000, pid=99217, tid=71939
#
# JRE version: Java(TM) SE Runtime Environment (8.0_66-b17) (build 1.8.0_66-b17)
# Java VM: Java HotSpot(TM) 64-Bit Server VM (25.66-b17 mixed mode bsd-amd64 compressed oops)
# Problematic frame:
# C  0x0000000000000000
#
# Failed to write core dump. Core dumps have been disabled. To enable core dumping, try "ulimit -c unlimited" before starting Java again
#
# If you would like to submit a bug report, please visit:
#   http://bugreport.java.com/bugreport/crash.jsp
#

---------------  T H R E A D  ---------------

Current thread is native thread

siginfo: si_signo: 11 (SIGSEGV), si_code: 1 (SEGV_MAPERR), si_addr: 0x0000000000000000

Registers:
RAX=0x00000001254e7508, RBX=0x00000000000161b0, RCX=0x0000000000000010, RDX=0xfffffffffffffff0
RSP=0x0000700001b709e8, RBP=0x0000700001b70a90, RSI=0x0000000000000000, RDI=0x00007fd2a3dcf000
R8 =0x0000000000000200, R9 =0x00007fd2a71933f0, R10=0x0000000000000000, R11=0x0000000000000d10
R12=0x00007fd2a71926e0, R13=0x00007fd2a3dcf000, R14=0x0000000000000200, R15=0x0000000000000800
RIP=0x0000000000000000, EFLAGS=0x0000000000010246, ERR=0x0000000000000014
  TRAPNO=0x000000000000000e

Top of Stack: (sp=0x0000700001b709e8)
0x0000700001b709e8:   00000001254b9639 0000000000000000
0x0000700001b709f8:   0000000000000000 00007fd2a3dd71b0
0x0000700001b70a08:   0000000125506010 00007fd2a3dd51b0
0x0000700001b70a18:   0000020032aaaba2 0000000000000000
0x0000700001b70a28:   0000000000000800 0000000000000200
0x0000700001b70a38:   00007fd2a3dd31b0 00007fd2a3dcf000
0x0000700001b70a48:   0000020000000000 0000000000000000
0x0000700001b70a58:   000000010000037f 1a00f3639fdee720
0x0000700001b70a68:   00007fd2a718ec98 00007fd2a71926e0
0x0000700001b70a78:   00007fd2a718ec20 0000000000000200
0x0000700001b70a88:   00007fd2a71933f0 0000700001b70aa0
0x0000700001b70a98:   00000001254c92ef 0000700001b70b20
0x0000700001b70aa8:   000000012566de6b 00007fd2a70867b8
0x0000700001b70ab8:   0000000000000000 00007fd2a42f43f8
0x0000700001b70ac8:   00007fd2a42f4200 0000000001b70b00
0x0000700001b70ad8:   0000700001b70c78 0000700001b70c80
0x0000700001b70ae8:   00007fd2a71926e0 0000020000000000
0x0000700001b70af8:   0000700001b70c78 00007fd2a42f4200
0x0000700001b70b08:   00007fd2a718eeb0 00007fd2a7193940
0x0000700001b70b18:   0000000000000200 0000700001b70b70
0x0000700001b70b28:   000000012566c034 0000700001b70c20
0x0000700001b70b38:   0000700001b70c80 0000000001b70bd0
0x0000700001b70b48:   0000700001b70c78 00007fd2a42f4200
0x0000700001b70b58:   00007fd2a7193940 0000000000000200
0x0000700001b70b68:   00007fd2a7193940 0000700001b70be0
0x0000700001b70b78:   000000012566aa1e 00007fd2a7193940
0x0000700001b70b88:   00007fd2a718eeb0 0000700001b70c78
0x0000700001b70b98:   00001fa08e527161 0000700001b70c80
0x0000700001b70ba8:   0000000000000000 00009fe000000000
0x0000700001b70bb8:   00007fd2a7193980 00000001255040e0
0x0000700001b70bc8:   00007fd2a42f4200 00007fd2a42f44e8
0x0000700001b70bd8:   00007fd2a7193940 0000700001b70cf0 

Instructions: (pc=0x0000000000000000)
0xffffffffffffffe0:   

Register to memory mapping:

RAX=0x00000001254e7508: PlaybackBackend+0x20 in /Users/Codepixl/Documents/workspace/GLCraft/res/natives/openal.dylib at 0x000000012549e000
RBX=0x00000000000161b0 is an unknown value
RCX=0x0000000000000010 is an unknown value
RDX=0xfffffffffffffff0 is an unknown value
RSP=0x0000700001b709e8 is an unknown value
RBP=0x0000700001b70a90 is an unknown value
RSI=0x0000000000000000 is an unknown value
RDI=0x00007fd2a3dcf000 is an unknown value
R8 =0x0000000000000200 is an unknown value
R9 =0x00007fd2a71933f0 is an unknown value
R10=0x0000000000000000 is an unknown value
R11=0x0000000000000d10 is an unknown value
R12=0x00007fd2a71926e0 is an unknown value
R13=0x00007fd2a3dcf000 is an unknown value
R14=0x0000000000000200 is an unknown value
R15=0x0000000000000800 is an unknown value


Stack: [0x0000700001af1000,0x0000700001b71000],  sp=0x0000700001b709e8,  free space=510k

---------------  P R O C E S S  ---------------

VM state:not at safepoint (normal execution)

VM Mutex/Monitor currently owned by a thread:  ([mutex/lock_event])
[0x00007fd2a2601a80] Threads_lock - owner thread: 0x00007fd2a287d800

Heap:
 PSYoungGen      total 18944K, used 12157K [0x00000007aab00000, 0x00000007ac000000, 0x00000007c0000000)
  eden space 16384K, 63% used [0x00000007aab00000,0x00000007ab517418,0x00000007abb00000)
  from space 2560K, 71% used [0x00000007abd80000,0x00000007abf48020,0x00000007ac000000)
  to   space 2560K, 0% used [0x00000007abb00000,0x00000007abb00000,0x00000007abd80000)
 ParOldGen       total 44032K, used 1766K [0x0000000780000000, 0x0000000782b00000, 0x00000007aab00000)
  object space 44032K, 4% used [0x0000000780000000,0x00000007801b99a0,0x0000000782b00000)
 Metaspace       used 11206K, capacity 11357K, committed 11648K, reserved 1060864K
  class space    used 1087K, capacity 1151K, committed 1152K, reserved 1048576K

Card table byte_map: [0x000000011df91000,0x000000011e192000] byte_map_base: 0x000000011a391000

Marking Bits: (ParMarkBitMap*) 0x000000010e4dde20
 Begin Bits: [0x000000011e2e8000, 0x000000011f2e8000)
 End Bits:   [0x000000011f2e8000, 0x00000001202e8000)

Polling page: 0x000000010d3df000

CodeCache: size=245760Kb used=5702Kb max_used=5924Kb free=240057Kb
 bounds [0x000000010ebd1000, 0x000000010f1b1000, 0x000000011dbd1000]
 total_blobs=1656 nmethods=1109 adapters=469
 compilation: enabled

Compilation events (10 events):
Event: 165.647 Thread 0x00007fd2a3858800 1180       3       net.codepixl.GLCraft.world.CentralManager::render3D (63 bytes)
Event: 165.650 Thread 0x00007fd2a3858800 nmethod 1180 0x000000010f1a4c50 code [0x000000010f1a5280, 0x000000010f1a8168]
Event: 173.004 Thread 0x00007fd2a3858800 1181       3       java.nio.Buffer::nextPutIndex (38 bytes)
Event: 173.004 Thread 0x00007fd2a3858800 nmethod 1181 0x000000010ed8b050 code [0x000000010ed8b1c0, 0x000000010ed8b3e8]
Event: 173.022 Thread 0x00007fd2a3858800 1182       1       java.nio.HeapByteBuffer::_put (8 bytes)
Event: 173.022 Thread 0x00007fd2a3858800 nmethod 1182 0x000000010ed91ed0 code [0x000000010ed92020, 0x000000010ed92150]
Event: 176.172 Thread 0x00007fd2a3858800 1183       3       java.nio.HeapByteBuffer::putInt (20 bytes)
Event: 176.173 Thread 0x00007fd2a3858800 nmethod 1183 0x000000010edf8490 code [0x000000010edf8620, 0x000000010edf89e8]
Event: 176.173 Thread 0x00007fd2a3858800 1184       3       java.nio.Bits::putInt (20 bytes)
Event: 176.174 Thread 0x00007fd2a3858800 nmethod 1184 0x000000010ece3490 code [0x000000010ece3600, 0x000000010ece3818]

GC Heap History (4 events):
Event: 3.155 GC heap before
{Heap before GC invocations=1 (full 0):
 PSYoungGen      total 18944K, used 16384K [0x00000007aab00000, 0x00000007ac000000, 0x00000007c0000000)
  eden space 16384K, 100% used [0x00000007aab00000,0x00000007abb00000,0x00000007abb00000)
  from space 2560K, 0% used [0x00000007abd80000,0x00000007abd80000,0x00000007ac000000)
  to   space 2560K, 0% used [0x00000007abb00000,0x00000007abb00000,0x00000007abd80000)
 ParOldGen       total 44032K, used 0K [0x0000000780000000, 0x0000000782b00000, 0x00000007aab00000)
  object space 44032K, 0% used [0x0000000780000000,0x0000000780000000,0x0000000782b00000)
 Metaspace       used 8270K, capacity 8437K, committed 8704K, reserved 1056768K
  class space    used 862K, capacity 925K, committed 1024K, reserved 1048576K
Event: 3.162 GC heap after
Heap after GC invocations=1 (full 0):
 PSYoungGen      total 18944K, used 2528K [0x00000007aab00000, 0x00000007ac000000, 0x00000007c0000000)
  eden space 16384K, 0% used [0x00000007aab00000,0x00000007aab00000,0x00000007abb00000)
  from space 2560K, 98% used [0x00000007abb00000,0x00000007abd78030,0x00000007abd80000)
  to   space 2560K, 0% used [0x00000007abd80000,0x00000007abd80000,0x00000007ac000000)
 ParOldGen       total 44032K, used 1758K [0x0000000780000000, 0x0000000782b00000, 0x00000007aab00000)
  object space 44032K, 3% used [0x0000000780000000,0x00000007801b79a0,0x0000000782b00000)
 Metaspace       used 8270K, capacity 8437K, committed 8704K, reserved 1056768K
  class space    used 862K, capacity 925K, committed 1024K, reserved 1048576K
}
Event: 3.388 GC heap before
{Heap before GC invocations=2 (full 0):
 PSYoungGen      total 18944K, used 18912K [0x00000007aab00000, 0x00000007ac000000, 0x00000007c0000000)
  eden space 16384K, 100% used [0x00000007aab00000,0x00000007abb00000,0x00000007abb00000)
  from space 2560K, 98% used [0x00000007abb00000,0x00000007abd78030,0x00000007abd80000)
  to   space 2560K, 0% used [0x00000007abd80000,0x00000007abd80000,0x00000007ac000000)
 ParOldGen       total 44032K, used 1758K [0x0000000780000000, 0x0000000782b00000, 0x00000007aab00000)
  object space 44032K, 3% used [0x0000000780000000,0x00000007801b79a0,0x0000000782b00000)
 Metaspace       used 9569K, capacity 9757K, committed 10112K, reserved 1058816K
  class space    used 1015K, capacity 1087K, committed 1152K, reserved 1048576K
Event: 3.391 GC heap after
Heap after GC invocations=2 (full 0):
 PSYoungGen      total 18944K, used 1824K [0x00000007aab00000, 0x00000007ac000000, 0x00000007c0000000)
  eden space 16384K, 0% used [0x00000007aab00000,0x00000007aab00000,0x00000007abb00000)
  from space 2560K, 71% used [0x00000007abd80000,0x00000007abf48020,0x00000007ac000000)
  to   space 2560K, 0% used [0x00000007abb00000,0x00000007abb00000,0x00000007abd80000)
 ParOldGen       total 44032K, used 1766K [0x0000000780000000, 0x0000000782b00000, 0x00000007aab00000)
  object space 44032K, 4% used [0x0000000780000000,0x00000007801b99a0,0x0000000782b00000)
 Metaspace       used 9569K, capacity 9757K, committed 10112K, reserved 1058816K
  class space    used 1015K, capacity 1087K, committed 1152K, reserved 1048576K
}

Deoptimization events (10 events):
Event: 3.291 Thread 0x00007fd2a280b000 Uncommon trap: reason=unstable_if action=reinterpret pc=0x000000010ee52328 method=java.awt.image.ComponentColorModel.getRGB(Ljava/lang/Object;)I @ 4
Event: 3.445 Thread 0x00007fd2a280b000 Uncommon trap: reason=unstable_if action=reinterpret pc=0x000000010edf88a4 method=java.lang.String.<init>([CII)V @ 18
Event: 51.693 Thread 0x00007fd2a280b000 Uncommon trap: reason=unstable_if action=reinterpret pc=0x000000010f06c934 method=org.lwjgl.opengl.MacOSXDisplay.update()V @ 86
Event: 52.883 Thread 0x00007fd2a280b000 Uncommon trap: reason=unstable_if action=reinterpret pc=0x000000010f068470 method=org.lwjgl.opengl.MacOSXDisplay.update()V @ 86
Event: 84.858 Thread 0x00007fd2a280b000 Uncommon trap: reason=unstable_if action=reinterpret pc=0x000000010f039d28 method=net.codepixl.GLCraft.GUI.Elements.GUIButton.input()V @ 4
Event: 84.867 Thread 0x00007fd2a280b000 Uncommon trap: reason=unstable_if action=reinterpret pc=0x000000010ef8e494 method=net.codepixl.GLCraft.GUI.Elements.GUIButton.input()V @ 4
Event: 153.843 Thread 0x00007fd2a280b000 Uncommon trap: reason=unstable_if action=reinterpret pc=0x000000010f08c89c method=net.codepixl.GLCraft.GUI.Elements.GUIButton.input()V @ 4
Event: 153.851 Thread 0x00007fd2a280b000 Uncommon trap: reason=unstable_if action=reinterpret pc=0x000000010f0d7e80 method=net.codepixl.GLCraft.GUI.Elements.GUIButton.testMouse()Z @ 72
Event: 153.860 Thread 0x00007fd2a280b000 Uncommon trap: reason=unstable_if action=reinterpret pc=0x000000010ece02ac method=net.codepixl.GLCraft.GUI.Elements.GUIButton.testMouse()Z @ 72
Event: 153.867 Thread 0x00007fd2a280b000 Uncommon trap: reason=unstable_if action=reinterpret pc=0x000000010ecd2da4 method=net.codepixl.GLCraft.GUI.Elements.GUIButton.testMouse()Z @ 72

Internal exceptions (10 events):
Event: 3.243 Thread 0x00007fd2a280b000 Exception <a 'java/security/PrivilegedActionException'> (0x00000007ab84eb78) thrown at [/HUDSON3/workspace/8-2-build-macosx-x86_64/jdk8u66/4988/hotspot/src/share/vm/prims/jvm.cpp, line 1386]
Event: 3.243 Thread 0x00007fd2a280b000 Exception <a 'java/security/PrivilegedActionException'> (0x00000007ab84ef70) thrown at [/HUDSON3/workspace/8-2-build-macosx-x86_64/jdk8u66/4988/hotspot/src/share/vm/prims/jvm.cpp, line 1386]
Event: 3.687 Thread 0x00007fd2a44f4000 Exception <a 'java/lang/InterruptedException': sleep interrupted> (0x00000007aad0f4f0) thrown at [/HUDSON3/workspace/8-2-build-macosx-x86_64/jdk8u66/4988/hotspot/src/share/vm/prims/jvm.cpp, line 3215]
Event: 3.697 Thread 0x00007fd2a44f4000 Exception <a 'java/security/PrivilegedActionException'> (0x00000007aad5dba0) thrown at [/HUDSON3/workspace/8-2-build-macosx-x86_64/jdk8u66/4988/hotspot/src/share/vm/prims/jvm.cpp, line 1386]
Event: 3.697 Thread 0x00007fd2a44f4000 Exception <a 'java/security/PrivilegedActionException'> (0x00000007aad5f788) thrown at [/HUDSON3/workspace/8-2-build-macosx-x86_64/jdk8u66/4988/hotspot/src/share/vm/prims/jvm.cpp, line 1386]
Event: 3.697 Thread 0x00007fd2a44f4000 Exception <a 'java/security/PrivilegedActionException'> (0x00000007aad608a8) thrown at [/HUDSON3/workspace/8-2-build-macosx-x86_64/jdk8u66/4988/hotspot/src/share/vm/prims/jvm.cpp, line 1386]
Event: 3.698 Thread 0x00007fd2a44f4000 Exception <a 'java/security/PrivilegedActionException'> (0x00000007aad659e0) thrown at [/HUDSON3/workspace/8-2-build-macosx-x86_64/jdk8u66/4988/hotspot/src/share/vm/prims/jvm.cpp, line 1386]
Event: 3.698 Thread 0x00007fd2a44f4000 Exception <a 'java/security/PrivilegedActionException'> (0x00000007aad66638) thrown at [/HUDSON3/workspace/8-2-build-macosx-x86_64/jdk8u66/4988/hotspot/src/share/vm/prims/jvm.cpp, line 1386]
Event: 3.698 Thread 0x00007fd2a44f4000 Exception <a 'java/security/PrivilegedActionException'> (0x00000007aad67260) thrown at [/HUDSON3/workspace/8-2-build-macosx-x86_64/jdk8u66/4988/hotspot/src/share/vm/prims/jvm.cpp, line 1386]
Event: 4.088 Thread 0x00007fd2a44f4000 Exception <a 'java/lang/InterruptedException': sleep interrupted> (0x00000007aadab578) thrown at [/HUDSON3/workspace/8-2-build-macosx-x86_64/jdk8u66/4988/hotspot/src/share/vm/prims/jvm.cpp, line 3215]

Events (10 events):
Event: 179.029 loading class java/util/IdentityHashMap$KeySet
Event: 179.029 loading class java/util/IdentityHashMap$KeySet done
Event: 179.030 loading class java/util/IdentityHashMap$KeyIterator
Event: 179.030 loading class java/util/IdentityHashMap$KeyIterator done
Event: 179.030 Thread 0x00007fd2a78c6000 Thread added: 0x00007fd2a78c6000
Event: 179.030 loading class sun/font/CFontManager$2$1
Event: 179.030 Thread 0x00007fd2a7893000 Thread added: 0x00007fd2a7893000
Event: 179.030 loading class sun/font/CFontManager$2$1 done
Event: 179.030 Thread 0x00007fd2a29a1000 Thread added: 0x00007fd2a29a1000
Event: 179.030 Thread 0x00007fd2a7893000 Thread exited: 0x00007fd2a7893000


Dynamic libraries:
0x0000000006904000 	/System/Library/Frameworks/Cocoa.framework/Versions/A/Cocoa
0x0000000006904000 	/System/Library/Frameworks/Security.framework/Versions/A/Security
0x0000000006904000 	/System/Library/Frameworks/ApplicationServices.framework/Versions/A/ApplicationServices
0x0000000006904000 	/usr/lib/libz.1.dylib
0x0000000006904000 	/usr/lib/libSystem.B.dylib
0x0000000006904000 	/usr/lib/libobjc.A.dylib
0x0000000006904000 	/System/Library/Frameworks/CoreFoundation.framework/Versions/A/CoreFoundation
0x0000000006904000 	/System/Library/Frameworks/Foundation.framework/Versions/C/Foundation
0x0000000006904000 	/System/Library/Frameworks/AppKit.framework/Versions/C/AppKit
0x0000000006904000 	/System/Library/Frameworks/CoreData.framework/Versions/A/CoreData
0x0000000006904000 	/System/Library/PrivateFrameworks/RemoteViewServices.framework/Versions/A/RemoteViewServices
0x0000000006904000 	/System/Library/PrivateFrameworks/UIFoundation.framework/Versions/A/UIFoundation
0x0000000006904000 	/usr/lib/libScreenReader.dylib
0x0000000006904000 	/System/Library/Frameworks/Accelerate.framework/Versions/A/Accelerate
0x0000000006904000 	/System/Library/Frameworks/IOSurface.framework/Versions/A/IOSurface
0x0000000006904000 	/System/Library/Frameworks/AudioToolbox.framework/Versions/A/AudioToolbox
0x0000000006904000 	/System/Library/Frameworks/AudioUnit.framework/Versions/A/AudioUnit
0x0000000006904000 	/System/Library/PrivateFrameworks/DataDetectorsCore.framework/Versions/A/DataDetectorsCore
0x0000000006904000 	/System/Library/PrivateFrameworks/DesktopServicesPriv.framework/Versions/A/DesktopServicesPriv
0x0000000006904000 	/System/Library/Frameworks/Carbon.framework/Versions/A/Frameworks/HIToolbox.framework/Versions/A/HIToolbox
0x0000000006904000 	/System/Library/Frameworks/QuartzCore.framework/Versions/A/QuartzCore
0x0000000006904000 	/System/Library/Frameworks/Carbon.framework/Versions/A/Frameworks/SpeechRecognition.framework/Versions/A/SpeechRecognition
0x0000000006904000 	/usr/lib/libauto.dylib
0x0000000006904000 	/usr/lib/libicucore.A.dylib
0x0000000006904000 	/usr/lib/libxml2.2.dylib
0x0000000006904000 	/System/Library/PrivateFrameworks/CoreUI.framework/Versions/A/CoreUI
0x0000000006904000 	/System/Library/Frameworks/CoreAudio.framework/Versions/A/CoreAudio
0x0000000006904000 	/System/Library/Frameworks/DiskArbitration.framework/Versions/A/DiskArbitration
0x0000000006904000 	/usr/lib/liblangid.dylib
0x0000000006904000 	/System/Library/PrivateFrameworks/MultitouchSupport.framework/Versions/A/MultitouchSupport
0x0000000006904000 	/System/Library/Frameworks/IOKit.framework/Versions/A/IOKit
0x0000000006904000 	/usr/lib/libDiagnosticMessagesClient.dylib
0x0000000006904000 	/System/Library/Frameworks/CoreServices.framework/Versions/A/CoreServices
0x0000000006904000 	/System/Library/PrivateFrameworks/PerformanceAnalysis.framework/Versions/A/PerformanceAnalysis
0x0000000006904000 	/System/Library/PrivateFrameworks/GenerationalStorage.framework/Versions/A/GenerationalStorage
0x0000000006904000 	/System/Library/Frameworks/OpenGL.framework/Versions/A/OpenGL
0x0000000006904000 	/System/Library/PrivateFrameworks/Sharing.framework/Versions/A/Sharing
0x0000000006904000 	/System/Library/Frameworks/CoreGraphics.framework/Versions/A/CoreGraphics
0x0000000006904000 	/System/Library/Frameworks/CoreImage.framework/Versions/A/CoreImage
0x0000000006904000 	/System/Library/Frameworks/CoreText.framework/Versions/A/CoreText
0x0000000006904000 	/System/Library/Frameworks/ImageIO.framework/Versions/A/ImageIO
0x0000000006904000 	/System/Library/PrivateFrameworks/Backup.framework/Versions/A/Backup
0x0000000006904000 	/usr/lib/libextension.dylib
0x0000000006904000 	/usr/lib/libarchive.2.dylib
0x0000000006904000 	/System/Library/Frameworks/CFNetwork.framework/Versions/A/CFNetwork
0x0000000006904000 	/System/Library/Frameworks/SystemConfiguration.framework/Versions/A/SystemConfiguration
0x0000000006904000 	/usr/lib/libCRFSuite.dylib
0x0000000006904000 	/usr/lib/libc++.1.dylib
0x0000000006904000 	/usr/lib/libc++abi.dylib
0x0000000006904000 	/usr/lib/system/libcache.dylib
0x0000000006904000 	/usr/lib/system/libcommonCrypto.dylib
0x0000000006904000 	/usr/lib/system/libcompiler_rt.dylib
0x0000000006904000 	/usr/lib/system/libcopyfile.dylib
0x0000000006904000 	/usr/lib/system/libcorecrypto.dylib
0x0000000006904000 	/usr/lib/system/libdispatch.dylib
0x0000000006904000 	/usr/lib/system/libdyld.dylib
0x0000000006904000 	/usr/lib/system/libkeymgr.dylib
0x0000000006904000 	/usr/lib/system/liblaunch.dylib
0x0000000006904000 	/usr/lib/system/libmacho.dylib
0x0000000006904000 	/usr/lib/system/libquarantine.dylib
0x0000000006904000 	/usr/lib/system/libremovefile.dylib
0x0000000006904000 	/usr/lib/system/libsystem_asl.dylib
0x0000000006904000 	/usr/lib/system/libsystem_blocks.dylib
0x0000000006904000 	/usr/lib/system/libsystem_c.dylib
0x0000000006904000 	/usr/lib/system/libsystem_configuration.dylib
0x0000000006904000 	/usr/lib/system/libsystem_coreservices.dylib
0x0000000006904000 	/usr/lib/system/libsystem_coretls.dylib
0x0000000006904000 	/usr/lib/system/libsystem_dnssd.dylib
0x0000000006904000 	/usr/lib/system/libsystem_info.dylib
0x0000000006904000 	/usr/lib/system/libsystem_kernel.dylib
0x0000000006904000 	/usr/lib/system/libsystem_m.dylib
0x0000000006904000 	/usr/lib/system/libsystem_malloc.dylib
0x0000000006904000 	/usr/lib/system/libsystem_network.dylib
0x0000000006904000 	/usr/lib/system/libsystem_networkextension.dylib
0x0000000006904000 	/usr/lib/system/libsystem_notify.dylib
0x0000000006904000 	/usr/lib/system/libsystem_platform.dylib
0x0000000006904000 	/usr/lib/system/libsystem_pthread.dylib
0x0000000006904000 	/usr/lib/system/libsystem_sandbox.dylib
0x0000000006904000 	/usr/lib/system/libsystem_secinit.dylib
0x0000000006904000 	/usr/lib/system/libsystem_trace.dylib
0x0000000006904000 	/usr/lib/system/libunc.dylib
0x0000000006904000 	/usr/lib/system/libunwind.dylib
0x0000000006904000 	/usr/lib/system/libxpc.dylib
0x0000000006904000 	/usr/lib/libenergytrace.dylib
0x0000000006904000 	/usr/lib/libbsm.0.dylib
0x0000000006904000 	/usr/lib/system/libkxld.dylib
0x0000000006904000 	/usr/lib/libxar.1.dylib
0x0000000006904000 	/usr/lib/libsqlite3.dylib
0x0000000006904000 	/usr/lib/libpam.2.dylib
0x0000000006904000 	/usr/lib/libOpenScriptingUtil.dylib
0x0000000006904000 	/usr/lib/libbz2.1.0.dylib
0x0000000006904000 	/usr/lib/liblzma.5.dylib
0x0000000006904000 	/System/Library/Frameworks/CoreServices.framework/Versions/A/Frameworks/FSEvents.framework/Versions/A/FSEvents
0x0000000006904000 	/System/Library/Frameworks/CoreServices.framework/Versions/A/Frameworks/CarbonCore.framework/Versions/A/CarbonCore
0x0000000006904000 	/System/Library/Frameworks/CoreServices.framework/Versions/A/Frameworks/Metadata.framework/Versions/A/Metadata
0x0000000006904000 	/System/Library/Frameworks/CoreServices.framework/Versions/A/Frameworks/OSServices.framework/Versions/A/OSServices
0x0000000006904000 	/System/Library/Frameworks/CoreServices.framework/Versions/A/Frameworks/SearchKit.framework/Versions/A/SearchKit
0x0000000006904000 	/System/Library/Frameworks/CoreServices.framework/Versions/A/Frameworks/AE.framework/Versions/A/AE
0x0000000006904000 	/System/Library/Frameworks/CoreServices.framework/Versions/A/Frameworks/LaunchServices.framework/Versions/A/LaunchServices
0x0000000006904000 	/System/Library/Frameworks/CoreServices.framework/Versions/A/Frameworks/DictionaryServices.framework/Versions/A/DictionaryServices
0x0000000006904000 	/System/Library/Frameworks/CoreServices.framework/Versions/A/Frameworks/SharedFileList.framework/Versions/A/SharedFileList
0x0000000006904000 	/System/Library/Frameworks/NetFS.framework/Versions/A/NetFS
0x0000000006904000 	/System/Library/PrivateFrameworks/NetAuth.framework/Versions/A/NetAuth
0x0000000006904000 	/System/Library/PrivateFrameworks/login.framework/Versions/A/Frameworks/loginsupport.framework/Versions/A/loginsupport
0x0000000006904000 	/System/Library/PrivateFrameworks/TCC.framework/Versions/A/TCC
0x0000000006904000 	/usr/lib/libmecabra.dylib
0x0000000006904000 	/System/Library/Frameworks/ApplicationServices.framework/Versions/A/Frameworks/ATS.framework/Versions/A/ATS
0x0000000006904000 	/System/Library/Frameworks/ApplicationServices.framework/Versions/A/Frameworks/ColorSync.framework/Versions/A/ColorSync
0x0000000006904000 	/System/Library/Frameworks/ApplicationServices.framework/Versions/A/Frameworks/HIServices.framework/Versions/A/HIServices
0x0000000006904000 	/System/Library/Frameworks/ApplicationServices.framework/Versions/A/Frameworks/LangAnalysis.framework/Versions/A/LangAnalysis
0x0000000006904000 	/System/Library/Frameworks/ApplicationServices.framework/Versions/A/Frameworks/PrintCore.framework/Versions/A/PrintCore
0x0000000006904000 	/System/Library/Frameworks/ApplicationServices.framework/Versions/A/Frameworks/QD.framework/Versions/A/QD
0x0000000006904000 	/System/Library/Frameworks/ApplicationServices.framework/Versions/A/Frameworks/SpeechSynthesis.framework/Versions/A/SpeechSynthesis
0x0000000006904000 	/System/Library/Frameworks/Metal.framework/Versions/A/Metal
0x0000000006904000 	/System/Library/Frameworks/Accelerate.framework/Versions/A/Frameworks/vImage.framework/Versions/A/vImage
0x0000000006904000 	/System/Library/Frameworks/Accelerate.framework/Versions/A/Frameworks/vecLib.framework/Versions/A/vecLib
0x0000000006904000 	/System/Library/Frameworks/Accelerate.framework/Versions/A/Frameworks/vecLib.framework/Versions/A/libvDSP.dylib
0x0000000006904000 	/System/Library/Frameworks/Accelerate.framework/Versions/A/Frameworks/vecLib.framework/Versions/A/libvMisc.dylib
0x0000000006904000 	/System/Library/Frameworks/Accelerate.framework/Versions/A/Frameworks/vecLib.framework/Versions/A/libLAPACK.dylib
0x0000000006904000 	/System/Library/Frameworks/Accelerate.framework/Versions/A/Frameworks/vecLib.framework/Versions/A/libBLAS.dylib
0x0000000006904000 	/System/Library/Frameworks/Accelerate.framework/Versions/A/Frameworks/vecLib.framework/Versions/A/libLinearAlgebra.dylib
0x0000000006904000 	/System/Library/Frameworks/Accelerate.framework/Versions/A/Frameworks/vecLib.framework/Versions/A/libSparseBLAS.dylib
0x0000000006904000 	/System/Library/PrivateFrameworks/GPUCompiler.framework/libmetal_timestamp.dylib
0x0000000006904000 	/System/Library/Frameworks/OpenGL.framework/Versions/A/Libraries/libCoreFSCache.dylib
0x0000000006904000 	/System/Library/PrivateFrameworks/IOAccelerator.framework/Versions/A/IOAccelerator
0x0000000006904000 	/System/Library/Frameworks/ApplicationServices.framework/Versions/A/Frameworks/ATS.framework/Versions/A/Resources/libFontParser.dylib
0x0000000006904000 	/System/Library/Frameworks/ApplicationServices.framework/Versions/A/Frameworks/ATS.framework/Versions/A/Resources/libFontRegistry.dylib
0x0000000006904000 	/System/Library/PrivateFrameworks/AppleVPA.framework/Versions/A/AppleVPA
0x0000000006904000 	/System/Library/PrivateFrameworks/AppleJPEG.framework/Versions/A/AppleJPEG
0x0000000006904000 	/System/Library/Frameworks/ImageIO.framework/Versions/A/Resources/libJPEG.dylib
0x0000000006904000 	/System/Library/Frameworks/ImageIO.framework/Versions/A/Resources/libTIFF.dylib
0x0000000006904000 	/System/Library/Frameworks/ImageIO.framework/Versions/A/Resources/libPng.dylib
0x0000000006904000 	/System/Library/Frameworks/ImageIO.framework/Versions/A/Resources/libGIF.dylib
0x0000000006904000 	/System/Library/Frameworks/ImageIO.framework/Versions/A/Resources/libJP2.dylib
0x0000000006904000 	/System/Library/Frameworks/ImageIO.framework/Versions/A/Resources/libRadiance.dylib
0x0000000006904000 	/System/Library/Frameworks/CoreVideo.framework/Versions/A/CoreVideo
0x0000000006904000 	/System/Library/Frameworks/OpenGL.framework/Versions/A/Libraries/libGLU.dylib
0x0000000006904000 	/System/Library/Frameworks/OpenGL.framework/Versions/A/Libraries/libGFXShared.dylib
0x0000000006904000 	/System/Library/Frameworks/OpenGL.framework/Versions/A/Libraries/libGL.dylib
0x0000000006904000 	/System/Library/Frameworks/OpenGL.framework/Versions/A/Libraries/libGLImage.dylib
0x0000000006904000 	/System/Library/Frameworks/OpenGL.framework/Versions/A/Libraries/libCVMSPluginSupport.dylib
0x0000000006904000 	/System/Library/Frameworks/OpenGL.framework/Versions/A/Libraries/libCoreVMClient.dylib
0x0000000006904000 	/usr/lib/libcups.2.dylib
0x0000000006904000 	/System/Library/Frameworks/Kerberos.framework/Versions/A/Kerberos
0x0000000006904000 	/System/Library/Frameworks/GSS.framework/Versions/A/GSS
0x0000000006904000 	/usr/lib/libresolv.9.dylib
0x0000000006904000 	/usr/lib/libiconv.2.dylib
0x0000000006904000 	/System/Library/PrivateFrameworks/Heimdal.framework/Versions/A/Heimdal
0x0000000006904000 	/usr/lib/libheimdal-asn1.dylib
0x0000000006904000 	/System/Library/Frameworks/OpenDirectory.framework/Versions/A/OpenDirectory
0x0000000006904000 	/System/Library/PrivateFrameworks/CommonAuth.framework/Versions/A/CommonAuth
0x0000000006904000 	/System/Library/Frameworks/OpenDirectory.framework/Versions/A/Frameworks/CFOpenDirectory.framework/Versions/A/CFOpenDirectory
0x0000000006904000 	/System/Library/Frameworks/SecurityFoundation.framework/Versions/A/SecurityFoundation
0x0000000006904000 	/System/Library/PrivateFrameworks/LanguageModeling.framework/Versions/A/LanguageModeling
0x0000000006904000 	/usr/lib/libmarisa.dylib
0x0000000006904000 	/usr/lib/libChineseTokenizer.dylib
0x0000000006904000 	/usr/lib/libcmph.dylib
0x0000000006904000 	/usr/lib/libcompression.dylib
0x0000000006904000 	/System/Library/Frameworks/ServiceManagement.framework/Versions/A/ServiceManagement
0x0000000006904000 	/usr/lib/libxslt.1.dylib
0x0000000006904000 	/System/Library/Frameworks/Carbon.framework/Versions/A/Frameworks/Ink.framework/Versions/A/Ink
0x0000000006904000 	/usr/lib/libFosl_dynamic.dylib
0x0000000006904000 	/System/Library/PrivateFrameworks/FaceCore.framework/Versions/A/FaceCore
0x0000000006904000 	/System/Library/Frameworks/OpenCL.framework/Versions/A/OpenCL
0x0000000006904000 	/System/Library/PrivateFrameworks/CrashReporterSupport.framework/Versions/A/CrashReporterSupport
0x0000000006904000 	/System/Library/PrivateFrameworks/IconServices.framework/Versions/A/IconServices
0x0000000006904000 	/System/Library/PrivateFrameworks/Apple80211.framework/Versions/A/Apple80211
0x0000000006904000 	/System/Library/Frameworks/CoreWLAN.framework/Versions/A/CoreWLAN
0x0000000006904000 	/System/Library/Frameworks/IOBluetooth.framework/Versions/A/IOBluetooth
0x0000000006904000 	/System/Library/PrivateFrameworks/CoreWiFi.framework/Versions/A/CoreWiFi
0x0000000006904000 	/System/Library/Frameworks/CoreBluetooth.framework/Versions/A/CoreBluetooth
0x0000000006904000 	/System/Library/PrivateFrameworks/ChunkingLibrary.framework/Versions/A/ChunkingLibrary
0x0000000006904000 	/System/Library/PrivateFrameworks/DebugSymbols.framework/Versions/A/DebugSymbols
0x0000000006904000 	/System/Library/PrivateFrameworks/CoreSymbolication.framework/Versions/A/CoreSymbolication
0x0000000006904000 	/System/Library/PrivateFrameworks/Symbolication.framework/Versions/A/Symbolication
0x0000000006904000 	/System/Library/PrivateFrameworks/SpeechRecognitionCore.framework/Versions/A/SpeechRecognitionCore
0x000000010dc00000 	/Library/Java/JavaVirtualMachines/jdk1.8.0_66.jdk/Contents/Home/jre/lib/server/libjvm.dylib
0x0000000006904000 	/usr/lib/libstdc++.6.dylib
0x000000010d39c000 	/Library/Java/JavaVirtualMachines/jdk1.8.0_66.jdk/Contents/Home/jre/lib/libverify.dylib
0x000000010d3aa000 	/Library/Java/JavaVirtualMachines/jdk1.8.0_66.jdk/Contents/Home/jre/lib/libjava.dylib
0x000000010eb86000 	/Library/Java/JavaVirtualMachines/jdk1.8.0_66.jdk/Contents/Home/jre/lib/libjdwp.dylib
0x000000010d3e0000 	/Library/Java/JavaVirtualMachines/jdk1.8.0_66.jdk/Contents/Home/jre/lib/libnpt.dylib
0x000000010d3ed000 	/Library/Java/JavaVirtualMachines/jdk1.8.0_66.jdk/Contents/Home/jre/lib/libzip.dylib
0x0000000121fca000 	/System/Library/Frameworks/JavaVM.framework/Frameworks/JavaRuntimeSupport.framework/JavaRuntimeSupport
0x0000000121fe5000 	/System/Library/Frameworks/JavaVM.framework/Versions/A/Frameworks/JavaNativeFoundation.framework/Versions/A/JavaNativeFoundation
0x0000000121ffa000 	/System/Library/Frameworks/JavaVM.framework/Versions/A/JavaVM
0x0000000006904000 	/System/Library/Frameworks/Carbon.framework/Versions/A/Carbon
0x0000000122007000 	/System/Library/PrivateFrameworks/JavaLaunching.framework/Versions/A/JavaLaunching
0x0000000006904000 	/System/Library/Frameworks/Carbon.framework/Versions/A/Frameworks/CommonPanels.framework/Versions/A/CommonPanels
0x0000000006904000 	/System/Library/Frameworks/Carbon.framework/Versions/A/Frameworks/Help.framework/Versions/A/Help
0x0000000006904000 	/System/Library/Frameworks/Carbon.framework/Versions/A/Frameworks/ImageCapture.framework/Versions/A/ImageCapture
0x0000000006904000 	/System/Library/Frameworks/Carbon.framework/Versions/A/Frameworks/OpenScripting.framework/Versions/A/OpenScripting
0x0000000006904000 	/System/Library/Frameworks/Carbon.framework/Versions/A/Frameworks/Print.framework/Versions/A/Print
0x0000000006904000 	/System/Library/Frameworks/Carbon.framework/Versions/A/Frameworks/SecurityHI.framework/Versions/A/SecurityHI
0x0000000123924000 	/Library/Java/JavaVirtualMachines/jdk1.8.0_66.jdk/Contents/Home/jre/lib/libdt_socket.dylib
0x0000000123941000 	/Library/Java/JavaVirtualMachines/jdk1.8.0_66.jdk/Contents/Home/jre/lib/libawt.dylib
0x00000001239e9000 	/Library/Java/JavaVirtualMachines/jdk1.8.0_66.jdk/Contents/Home/jre/lib/./libmlib_image.dylib
0x0000000123ab5000 	/Library/Java/JavaVirtualMachines/jdk1.8.0_66.jdk/Contents/Home/jre/lib/libawt_lwawt.dylib
0x0000000123b6a000 	/Library/Java/JavaVirtualMachines/jdk1.8.0_66.jdk/Contents/Home/jre/lib/./libosxapp.dylib
0x0000000006904000 	/System/Library/Frameworks/ExceptionHandling.framework/Versions/A/ExceptionHandling
0x0000000006904000 	/System/Library/PrivateFrameworks/CoreServicesInternal.framework/Versions/A/CoreServicesInternal
0x0000000006904000 	/System/Library/Frameworks/CoreGraphics.framework/Versions/A/Resources/libRIP.A.dylib
0x0000000006904000 	/System/Library/Frameworks/Accelerate.framework/Versions/A/Frameworks/vImage.framework/Versions/A/Libraries/libCGInterfaces.dylib
0x0000000006904000 	/System/Library/Frameworks/CoreGraphics.framework/Versions/A/Resources/libCGXType.A.dylib
0x0000000006904000 	/System/Library/Frameworks/OpenCL.framework/Versions/A/Libraries/libcldcpuengine.dylib
0x0000000006904000 	/System/Library/PrivateFrameworks/DiskImages.framework/Versions/A/DiskImages
0x0000000006904000 	/System/Library/Frameworks/DiscRecording.framework/Versions/A/DiscRecording
0x0000000006904000 	/usr/lib/libcsfde.dylib
0x0000000006904000 	/usr/lib/libcurl.4.dylib
0x0000000006904000 	/System/Library/PrivateFrameworks/MediaKit.framework/Versions/A/MediaKit
0x0000000006904000 	/System/Library/PrivateFrameworks/ProtectedCloudStorage.framework/Versions/A/ProtectedCloudStorage
0x0000000006904000 	/usr/lib/libCoreStorage.dylib
0x0000000006904000 	/System/Library/PrivateFrameworks/EFILogin.framework/Versions/A/EFILogin
0x0000000006904000 	/usr/lib/libutil.dylib
0x0000000006904000 	/System/Library/PrivateFrameworks/FindMyDevice.framework/Versions/A/FindMyDevice
0x0000000006904000 	/System/Library/Frameworks/LDAP.framework/Versions/A/LDAP
0x0000000006904000 	/usr/lib/libsasl2.2.dylib
0x0000000006904000 	/System/Library/PrivateFrameworks/CoreDaemon.framework/Versions/B/CoreDaemon
0x0000000006904000 	/usr/lib/libcrypto.0.9.8.dylib
0x0000000006904000 	/System/Library/PrivateFrameworks/AppleSRP.framework/Versions/A/AppleSRP
0x0000000006904000 	/System/Library/PrivateFrameworks/TrustEvaluationAgent.framework/Versions/A/TrustEvaluationAgent
0x00000001247c9000 	cl_kernels
0x0000000006904000 	/System/Library/Frameworks/OpenCL.framework/Versions/A/Libraries/ImageFormats/unorm8_bgra.dylib
0x0000000006904000 	/System/Library/Frameworks/OpenCL.framework/Versions/A/Libraries/ImageFormats/unorm8_rgba.dylib
0x0000000006904000 	/System/Library/PrivateFrameworks/FamilyControls.framework/Versions/A/FamilyControls
0x0000000006904000 	/System/Library/PrivateFrameworks/CommerceKit.framework/Versions/A/Frameworks/CommerceCore.framework/Versions/A/CommerceCore
0x0000000006904000 	/System/Library/PrivateFrameworks/SystemAdministration.framework/Versions/A/SystemAdministration
0x0000000006904000 	/System/Library/PrivateFrameworks/AppContainer.framework/Versions/A/AppContainer
0x0000000006904000 	/System/Library/PrivateFrameworks/SecCodeWrapper.framework/Versions/A/SecCodeWrapper
0x0000000006904000 	/System/Library/Frameworks/DirectoryService.framework/Versions/A/DirectoryService
0x0000000006904000 	/System/Library/PrivateFrameworks/LoginUIKit.framework/Versions/A/Frameworks/LoginUICore.framework/Versions/A/LoginUICore
0x0000000006904000 	/usr/lib/libodfde.dylib
0x0000000126926000 	/Library/Java/JavaVirtualMachines/jdk1.8.0_66.jdk/Contents/Home/jre/lib/libfontmanager.dylib
0x000000012698d000 	/Users/Codepixl/Documents/workspace/GLCraft/res/natives/liblwjgl.dylib
0x0000000124ca9000 	/Library/Java/JavaVirtualMachines/jdk1.8.0_66.jdk/Contents/Home/jre/lib/libjawt.dylib
0x0000000006904000 	/System/Library/Frameworks/OpenGL.framework/Versions/A/Resources/GLEngine.bundle/GLEngine
0x0000000006904000 	/System/Library/Frameworks/OpenGL.framework/Versions/A/Libraries/libGLProgrammability.dylib
0x0000000126a0f000 	/System/Library/Extensions/AppleIntelHD5000GraphicsGLDriver.bundle/Contents/MacOS/AppleIntelHD5000GraphicsGLDriver
0x0000000006904000 	/System/Library/PrivateFrameworks/GPUSupport.framework/Versions/A/Libraries/libGPUSupportMercury.dylib
0x0000000006904000 	/System/Library/Frameworks/OpenGL.framework/Versions/A/Resources/GLRendererFloat.bundle/GLRendererFloat
0x00000001299e7000 	/Library/Java/JavaVirtualMachines/jdk1.8.0_66.jdk/Contents/Home/jre/lib/libnet.dylib
0x00000001299fe000 	/Library/Java/JavaVirtualMachines/jdk1.8.0_66.jdk/Contents/Home/jre/lib/libnio.dylib
0x0000000006904000 	/System/Library/Frameworks/ApplicationServices.framework/Versions/A/Frameworks/ATS.framework/Versions/A/Resources/libTrueTypeScaler.dylib
0x000000012549e000 	/Users/Codepixl/Documents/workspace/GLCraft/res/natives/openal.dylib
0x0000000125666000 	/System/Library/Components/CoreAudio.component/Contents/MacOS/CoreAudio
0x00000001254fa000 	/System/Library/Extensions/AppleHDA.kext/Contents/PlugIns/AppleHDAHALPlugIn.bundle/Contents/MacOS/AppleHDAHALPlugIn

VM Arguments:
jvm_args: -agentlib:jdwp=transport=dt_socket,suspend=y,address=localhost:61724 -Djava.library.path=/Users/Codepixl/Documents/workspace/GLCraft/res/natives -Dfile.encoding=UTF-8 
java_command: net.codepixl.GLCraft.GLCraft
java_class_path (initial): /Users/Codepixl/Documents/workspace/GLCraft/bin:/Users/Codepixl/Documents/workspace/GLCraft/res/jar/GLUtils.jar:/Users/Codepixl/Documents/workspace/GLCraft/res/jar/JSplashScreen.jar:/Users/Codepixl/Documents/workspace/GLCraft/res/jar/lwjgl_util.jar:/Users/Codepixl/Documents/workspace/GLCraft/res/jar/lwjgl.jar:/Users/Codepixl/Documents/workspace/GLCraft/res/jar/slick-util.jar:/Users/Codepixl/Documents/workspace/GLCraft/res/jar/commons-lang3-3.1.jar:/Users/Codepixl/Documents/workspace/GLCraft/res/jar/guava-18.0.jar:/Users/Codepixl/Documents/workspace/GLCraft/res/jar/nbt.jar:/Users/Codepixl/Documents/workspace/GLCraft/res/jar/json-20151123.jar:/Users/Codepixl/Documents/workspace/GLCraft/res/jar/zip4j_1.3.2.jar:/Users/Codepixl/Documents/workspace/GLCraft/res/jar/jgoodies-common-1.8.0.jar:/Users/Codepixl/Documents/workspace/GLCraft/res/jar/jgoodies-forms-1.8.0.jar:/Users/Codepixl/Documents/workspace/GLCraft/res/jar/LibraryLWJGLOpenAL.jar:/Users/Codepixl/Documents/workspace/GLCraft/res/jar/SoundSystem.jar:/Users/Codepixl/Documents/workspace/GLCraft/res/jar/CodecWav.jar
Launcher Type: SUN_STANDARD

Environment Variables:
PATH=/usr/bin:/bin:/usr/sbin:/sbin
SHELL=/bin/bash

Signal Handlers:
SIGSEGV: [libjvm.dylib+0x5a65d5], sa_mask[0]=11111111011111110111111111111111, sa_flags=SA_ONSTACK|SA_RESTART|SA_SIGINFO
SIGBUS: [libjvm.dylib+0x5a65d5], sa_mask[0]=11111111011111110111111111111111, sa_flags=SA_RESTART|SA_SIGINFO
SIGFPE: [libjvm.dylib+0x4802e8], sa_mask[0]=11111111011111110111111111111111, sa_flags=SA_RESTART|SA_SIGINFO
SIGPIPE: [libjvm.dylib+0x4802e8], sa_mask[0]=11111111011111110111111111111111, sa_flags=SA_RESTART|SA_SIGINFO
SIGXFSZ: [libjvm.dylib+0x4802e8], sa_mask[0]=11111111011111110111111111111111, sa_flags=SA_RESTART|SA_SIGINFO
SIGILL: 