#
# A fatal error has been detected by the Java Runtime Environment:
#
#  SIGSEGV (0xb) at pc=0x00007fff8bbf58e2, pid=87127, tid=2571
#
# JRE version: Java(TM) SE Runtime Environment (8.0_66-b17) (build 1.8.0_66-b17)
# Java VM: Java HotSpot(TM) 64-Bit Server VM (25.66-b17 mixed mode bsd-amd64 compressed oops)
# Problematic frame:
# C  [libGPUSupportMercury.dylib+0xa8e2]  gldAttachDrawable+0x60
#
# Failed to write core dump. Core dumps have been disabled. To enable core dumping, try "ulimit -c unlimited" before starting Java again
#
# If you would like to submit a bug report, please visit:
#   http://bugreport.java.com/bugreport/crash.jsp
# The crash happened outside the Java Virtual Machine in native code.
# See problematic frame for where to report the bug.
#

---------------  T H R E A D  ---------------

Current thread (0x00007fdf4993a800):  JavaThread "AppKit Thread" daemon [_thread_in_native, id=2571, stack(0x00007fff564a3000,0x00007fff56ca3000)]

siginfo: si_signo: 11 (SIGSEGV), si_code: 1 (SEGV_MAPERR), si_addr: 0x0000000000000000

Registers:
RAX=0x0000000000000000, RBX=0x000000000000271e, RCX=0x0000000000000000, RDX=0x00007fdf494bfe98
RSP=0x00007fff56c9df00, RBP=0x00007fff56c9e000, RSI=0x0000000000000050, RDI=0xf7009522c81e4d15
R8 =0x00007fdf4c00aa60, R9 =0x00007fdf4c000000, R10=0x000000000000003c, R11=0x0000000000000206
R12=0x0000000000002718, R13=0x00007fdf4a184800, R14=0x0000000000000050, R15=0x0000000000000000
RIP=0x00007fff8bbf58e2, EFLAGS=0x0000000000010212, ERR=0x0000000000000004
  TRAPNO=0x000000000000000e

Top of Stack: (sp=0x00007fff56c9df00)
0x00007fff56c9df00:   000000000002c27b 0000000000002669
0x00007fff56c9df10:   00007fff56c9df50 00007fff97ce6465
0x00007fff56c9df20:   0000000000000000 4036000000000000
0x00007fff56c9df30:   408f400000000000 0000000000000000
0x00007fff56c9df40:   21ea44c30002c27b 0000000021ea44c3
0x00007fff56c9df50:   00007fff56c9e040 00007fff979e62ed
0x00007fff56c9df60:   0000000000000000 4036000000000000
0x00007fff56c9df70:   408f400000000000 4085e00000000000
0x00007fff56c9df80:   7ff0000000000000 7ff0000000000000
0x00007fff56c9df90:   0000000000000000 0000000000000000
0x00007fff56c9dfa0:   0000000000002669 00007fdf4947e890
0x00007fff56c9dfb0:   7ff0000000000000 7ff0000000000000
0x00007fff56c9dfc0:   00007fff56c9dff0 00007fff979746de
0x00007fff56c9dfd0:   f7009522c81e4d15 00007fdf4c000c00
0x00007fff56c9dfe0:   0000000000002718 0000000000000000
0x00007fff56c9dff0:   0000000000000050 0000000000000000
0x00007fff56c9e000:   00007fff56c9e060 00007fff8e329553
0x00007fff56c9e010:   4096800000000000 0000000000000000
0x00007fff56c9e020:   00007fdf4c00aa60 000000000002c27b
0x00007fff56c9e030:   00007fdf494bfe98 00007fdf49590560
0x00007fff56c9e040:   0000000000000000 00007fdf4a8b7950
0x00007fff56c9e050:   00007fdf4a8b5a00 f7009522c81e4d15
0x00007fff56c9e060:   00007fff56c9e150 00007fff9b85a844
0x00007fff56c9e070:   408c200000000000 406b800000000000
0x00007fff56c9e080:   4053800000000000 408f400000000000
0x00007fff56c9e090:   4086900000000000 0000000000000000
0x00007fff56c9e0a0:   4036000000000000 408f400000000000
0x00007fff56c9e0b0:   4085e00000000000 0000000000000000
0x00007fff56c9e0c0:   0000000000000000 0000000000000001
0x00007fff56c9e0d0:   00007fdf494bfe98 0000000000000001
0x00007fff56c9e0e0:   00007fff56c9e150 00007fff9b85f5da
0x00007fff56c9e0f0:   0000000000000003 0000000100000001 

Instructions: (pc=0x00007fff8bbf58e2)
0x00007fff8bbf58c2:   48 85 d2 b8 01 00 00 00 bb 15 27 00 00 0f 44 d8
0x00007fff8bbf58d2:   e9 29 03 00 00 49 8b 45 08 48 89 85 38 ff ff ff
0x00007fff8bbf58e2:   48 8b 00 48 89 85 30 ff ff ff 83 fe 4f 0f 8f 03
0x00007fff8bbf58f2:   01 00 00 48 89 d0 bb 15 27 00 00 83 fe 35 0f 84 

Register to memory mapping:

RAX=0x0000000000000000 is an unknown value
RBX=0x000000000000271e is an unknown value
RCX=0x0000000000000000 is an unknown value
RDX=0x00007fdf494bfe98 is an unknown value
RSP=0x00007fff56c9df00 is pointing into the stack for thread: 0x00007fdf4993a800
RBP=0x00007fff56c9e000 is pointing into the stack for thread: 0x00007fdf4993a800
RSI=0x0000000000000050 is an unknown value
RDI=0xf7009522c81e4d15 is an unknown value
R8 =0x00007fdf4c00aa60 is an unknown value
R9 =0x00007fdf4c000000 is an unknown value
R10=0x000000000000003c is an unknown value
R11=0x0000000000000206 is an unknown value
R12=0x0000000000002718 is an unknown value
R13=0x00007fdf4a184800 is an unknown value
R14=0x0000000000000050 is an unknown value
R15=0x0000000000000000 is an unknown value


Stack: [0x00007fff564a3000,0x00007fff56ca3000],  sp=0x00007fff56c9df00,  free space=8171k
Native frames: (J=compiled Java code, j=interpreted, Vv=VM code, C=native code)
C  [libGPUSupportMercury.dylib+0xa8e2]  gldAttachDrawable+0x60
C  [GLEngine+0x16553]  gliAttachDrawableWithOptions+0x108
C  [OpenGL+0x3844]  glcGetIOAccelService+0xe35
C  [OpenGL+0x7370]  CGLSetPBuffer+0xb38
C  [OpenGL+0x7695]  CGLSetSurface+0x124
C  [AppKit+0x30df20]  NSOpenGLContextAttachOnScreenViewSurface+0x109
C  [AppKit+0x6519ea]  __27-[NSOpenGLContext setView:]_block_invoke+0xc0
C  [AppKit+0x835659]  NSPerformVisuallyAtomicChange+0x93
C  [AppKit+0x2f9204]  -[NSOpenGLContext setView:]+0x77
C  [liblwjgl.dylib+0xa586]  -[MacOSXOpenGLView lockFocus]+0x76
C  [AppKit+0xd77c3]  -[NSView _recursiveDisplayRectIfNeededIgnoringOpacity:isVisibleRect:rectIsVisibleRectForView:topView:]+0x6e2
C  [AppKit+0xd87b1]  -[NSView _recursiveDisplayRectIfNeededIgnoringOpacity:isVisibleRect:rectIsVisibleRectForView:topView:]+0x16d0
C  [AppKit+0xd6c0c]  -[NSThemeFrame _recursiveDisplayRectIfNeededIgnoringOpacity:isVisibleRect:rectIsVisibleRectForView:topView:]+0x14e
C  [AppKit+0xd31ef]  -[NSView _displayRectIgnoringOpacity:isVisibleRect:rectIsVisibleRectForView:]+0x991
C  [AppKit+0x8d971]  -[NSView displayIfNeeded]+0x79e
C  [AppKit+0x8d19c]  -[NSWindow displayIfNeeded]+0xe8
C  [AppKit+0x8096da]  ___NSWindowGetDisplayCycleObserver_block_invoke6367+0x1dc
C  [AppKit+0x4500d6]  __37+[NSDisplayCycle currentDisplayCycle]_block_invoke+0x2e2
C  [QuartzCore+0x173b5d]  _ZN2CA11Transaction19run_commit_handlersE18CATransactionPhase+0x55
C  [QuartzCore+0xdc7c]  _ZN2CA7Context18commit_transactionEPNS_11TransactionE+0xa0
C  [QuartzCore+0xda24]  _ZN2CA11Transaction6commitEv+0x1fc
C  [QuartzCore+0x1c917]  _ZN2CA11Transaction17observer_callbackEP19__CFRunLoopObservermPv+0x47
C  [CoreFoundation+0x7de37]  __CFRUNLOOP_IS_CALLING_OUT_TO_AN_OBSERVER_CALLBACK_FUNCTION__+0x17
C  [CoreFoundation+0x7dda7]  __CFRunLoopDoObservers+0x187
C  [CoreFoundation+0x6f358]  CFRunLoopRunSpecific+0x148
C  [HIToolbox+0x30935]  RunCurrentEventLoopInMode+0xeb
C  [HIToolbox+0x30677]  ReceiveNextEventCommon+0xb8
C  [HIToolbox+0x305af]  _BlockUntilNextEventMatchingListInModeWithFilter+0x47
C  [AppKit+0x8a0ee]  _DPSNextEvent+0x42b
C  [AppKit+0x456943]  -[NSApplication _nextEventMatchingEventMask:untilDate:inMode:dequeue:]+0x1c6
C  [libosxapp.dylib+0x23aa]  -[NSApplicationAWT nextEventMatchingMask:untilDate:inMode:dequeue:]+0x7c
C  [AppKit+0x7ffc8]  -[NSApplication run]+0x2aa
C  [libosxapp.dylib+0x214d]  +[NSApplicationAWT runAWTLoopWithApp:]+0x9c
C  [libawt_lwawt.dylib+0x4455b]  -[AWTStarter starter:]+0x389
C  [Foundation+0x8dd4b]  __NSThreadPerformPerform+0x117
C  [CoreFoundation+0x7e5c1]  __CFRUNLOOP_IS_CALLING_OUT_TO_A_SOURCE0_PERFORM_FUNCTION__+0x11
C  [CoreFoundation+0x7041c]  __CFRunLoopDoSources0+0x22c
C  [CoreFoundation+0x6f93f]  __CFRunLoopRun+0x39f
C  [CoreFoundation+0x6f338]  CFRunLoopRunSpecific+0x128
C  [java+0x6463]  CreateExecutionEnvironment+0x367
C  [java+0x21ac]  JLI_Launch+0x7a0
C  [java+0x84c0]  main+0x65
C  [java+0x1a04]  start+0x34
C  0x0000000000000006


---------------  P R O C E S S  ---------------

Java Threads: ( => current thread )
  0x00007fdf4b3a2800 JavaThread "AWT-Shutdown" [_thread_blocked, id=70155, stack(0x00007000016e5000,0x00007000017e5000)]
  0x00007fdf49cb8000 JavaThread "Thread-4" [_thread_blocked, id=55303, stack(0x00007000014dc000,0x00007000015dc000)]
  0x00007fdf4a2d7000 JavaThread "Thread-3" [_thread_blocked, id=29463, stack(0x0000700001150000,0x0000700001250000)]
  0x00007fdf4a15f800 JavaThread "Java2D Disposer" daemon [_thread_blocked, id=52767, stack(0x00007000013d9000,0x00007000014d9000)]
  0x00007fdf4a19e800 JavaThread "Java2D Queue Flusher" daemon [_thread_blocked, id=53511, stack(0x00007000012d6000,0x00007000013d6000)]
=>0x00007fdf4993a800 JavaThread "AppKit Thread" daemon [_thread_in_native, id=2571, stack(0x00007fff564a3000,0x00007fff56ca3000)]
  0x00007fdf4b037800 JavaThread "Service Thread" daemon [_thread_blocked, id=18947, stack(0x0000700000ec7000,0x0000700000fc7000)]
  0x00007fdf4b014000 JavaThread "C1 CompilerThread2" daemon [_thread_blocked, id=18435, stack(0x0000700000dc4000,0x0000700000ec4000)]
  0x00007fdf4b013800 JavaThread "C2 CompilerThread1" daemon [_thread_blocked, id=17923, stack(0x0000700000cc1000,0x0000700000dc1000)]
  0x00007fdf4b012000 JavaThread "C2 CompilerThread0" daemon [_thread_blocked, id=17411, stack(0x0000700000bbe000,0x0000700000cbe000)]
  0x00007fdf4b010800 JavaThread "Signal Dispatcher" daemon [_thread_blocked, id=16659, stack(0x0000700000abb000,0x0000700000bbb000)]
  0x00007fdf4980d000 JavaThread "Finalizer" daemon [_thread_blocked, id=12291, stack(0x000070000082f000,0x000070000092f000)]
  0x00007fdf4980c800 JavaThread "Reference Handler" daemon [_thread_blocked, id=11779, stack(0x000070000072c000,0x000070000082c000)]
  0x00007fdf4a00a000 JavaThread "main" [_thread_in_native, id=5891, stack(0x000070000011a000,0x000070000021a000)]

Other Threads:
  0x00007fdf49805000 VMThread [stack: 0x0000700000629000,0x0000700000729000] [id=11267]
  0x00007fdf4a07b800 WatcherThread [stack: 0x0000700000fca000,0x00007000010ca000] [id=19459]

VM state:not at safepoint (normal execution)

VM Mutex/Monitor currently owned by a thread: None

Heap:
 PSYoungGen      total 18944K, used 4257K [0x00000007aab00000, 0x00000007ac000000, 0x00000007c0000000)
  eden space 16384K, 14% used [0x00000007aab00000,0x00000007aad556c0,0x00000007abb00000)
  from space 2560K, 72% used [0x00000007abd80000,0x00000007abf530a8,0x00000007ac000000)
  to   space 2560K, 0% used [0x00000007abb00000,0x00000007abb00000,0x00000007abd80000)
 ParOldGen       total 44032K, used 3798K [0x0000000780000000, 0x0000000782b00000, 0x00000007aab00000)
  object space 44032K, 8% used [0x0000000780000000,0x00000007803b59c0,0x0000000782b00000)
 Metaspace       used 10311K, capacity 10435K, committed 10624K, reserved 1058816K
  class space    used 1074K, capacity 1121K, committed 1152K, reserved 1048576K

Card table byte_map: [0x0000000119d7b000,0x0000000119f7c000] byte_map_base: 0x000000011617b000

Marking Bits: (ParMarkBitMap*) 0x000000010a2dde20
 Begin Bits: [0x000000011a0d2000, 0x000000011b0d2000)
 End Bits:   [0x000000011b0d2000, 0x000000011c0d2000)

Polling page: 0x00000001091eb000

CodeCache: size=245760Kb used=3603Kb max_used=3614Kb free=242156Kb
 bounds [0x000000010a9bb000, 0x000000010ad4b000, 0x00000001199bb000]
 total_blobs=1474 nmethods=922 adapters=466
 compilation: enabled

Compilation events (10 events):
Event: 5.501 Thread 0x00007fdf4b014000  917       3       net.codepixl.GLCraft.util.Spritesheet::bind (8 bytes)
Event: 5.501 Thread 0x00007fdf4b014000 nmethod 917 0x000000010ad30950 code [0x000000010ad30ac0, 0x000000010ad30c68]
Event: 5.501 Thread 0x00007fdf4b014000  918       3       net.codepixl.GLCraft.util.Texture::bind (63 bytes)
Event: 5.504 Thread 0x00007fdf4b014000 nmethod 918 0x000000010ad30d50 code [0x000000010ad31220, 0x000000010ad33938]
Event: 5.504 Thread 0x00007fdf4b014000  919       3       com.nishu.utils.GameLoop::render (8 bytes)
Event: 5.504 Thread 0x00007fdf4b014000 nmethod 919 0x000000010ad35410 code [0x000000010ad35580, 0x000000010ad357a8]
Event: 5.504 Thread 0x00007fdf4b014000  920       3       net.codepixl.GLCraft.GLCraft::render (22 bytes)
Event: 5.505 Thread 0x00007fdf4b014000 nmethod 920 0x000000010ad35850 code [0x000000010ad35b00, 0x000000010ad36948]
Event: 5.505 Thread 0x00007fdf4b014000  921   !   3       net.codepixl.GLCraft.world.CentralManager::render (472 bytes)
Event: 5.510 Thread 0x00007fdf4b014000 nmethod 921 0x000000010ad37310 code [0x000000010ad37b40, 0x000000010ad3cfb8]

GC Heap History (4 events):
Event: 2.346 GC heap before
{Heap before GC invocations=1 (full 0):
 PSYoungGen      total 18944K, used 16384K [0x00000007aab00000, 0x00000007ac000000, 0x00000007c0000000)
  eden space 16384K, 100% used [0x00000007aab00000,0x00000007abb00000,0x00000007abb00000)
  from space 2560K, 0% used [0x00000007abd80000,0x00000007abd80000,0x00000007ac000000)
  to   space 2560K, 0% used [0x00000007abb00000,0x00000007abb00000,0x00000007abd80000)
 ParOldGen       total 44032K, used 0K [0x0000000780000000, 0x0000000782b00000, 0x00000007aab00000)
  object space 44032K, 0% used [0x0000000780000000,0x0000000780000000,0x0000000782b00000)
 Metaspace       used 8193K, capacity 8373K, committed 8704K, reserved 1056768K
  class space    used 862K, capacity 925K, committed 1024K, reserved 1048576K
Event: 2.353 GC heap after
Heap after GC invocations=1 (full 0):
 PSYoungGen      total 18944K, used 2544K [0x00000007aab00000, 0x00000007ac000000, 0x00000007c0000000)
  eden space 16384K, 0% used [0x00000007aab00000,0x00000007aab00000,0x00000007abb00000)
  from space 2560K, 99% used [0x00000007abb00000,0x00000007abd7c020,0x00000007abd80000)
  to   space 2560K, 0% used [0x00000007abd80000,0x00000007abd80000,0x00000007ac000000)
 ParOldGen       total 44032K, used 3790K [0x0000000780000000, 0x0000000782b00000, 0x00000007aab00000)
  object space 44032K, 8% used [0x0000000780000000,0x00000007803b39c0,0x0000000782b00000)
 Metaspace       used 8193K, capacity 8373K, committed 8704K, reserved 1056768K
  class space    used 862K, capacity 925K, committed 1024K, reserved 1048576K
}
Event: 2.538 GC heap before
{Heap before GC invocations=2 (full 0):
 PSYoungGen      total 18944K, used 18928K [0x00000007aab00000, 0x00000007ac000000, 0x00000007c0000000)
  eden space 16384K, 100% used [0x00000007aab00000,0x00000007abb00000,0x00000007abb00000)
  from space 2560K, 99% used [0x00000007abb00000,0x00000007abd7c020,0x00000007abd80000)
  to   space 2560K, 0% used [0x00000007abd80000,0x00000007abd80000,0x00000007ac000000)
 ParOldGen       total 44032K, used 3790K [0x0000000780000000, 0x0000000782b00000, 0x00000007aab00000)
  object space 44032K, 8% used [0x0000000780000000,0x00000007803b39c0,0x0000000782b00000)
 Metaspace       used 9611K, capacity 9821K, committed 10112K, reserved 1058816K
  class space    used 1020K, capacity 1087K, committed 1152K, reserved 1048576K
Event: 2.541 GC heap after
Heap after GC invocations=2 (full 0):
 PSYoungGen      total 18944K, used 1868K [0x00000007aab00000, 0x00000007ac000000, 0x00000007c0000000)
  eden space 16384K, 0% used [0x00000007aab00000,0x00000007aab00000,0x00000007abb00000)
  from space 2560K, 72% used [0x00000007abd80000,0x00000007abf530a8,0x00000007ac000000)
  to   space 2560K, 0% used [0x00000007abb00000,0x00000007abb00000,0x00000007abd80000)
 ParOldGen       total 44032K, used 3798K [0x0000000780000000, 0x0000000782b00000, 0x00000007aab00000)
  object space 44032K, 8% used [0x0000000780000000,0x00000007803b59c0,0x0000000782b00000)
 Metaspace       used 9611K, capacity 9821K, committed 10112K, reserved 1058816K
  class space    used 1020K, capacity 1087K, committed 1152K, reserved 1048576K
}

Deoptimization events (5 events):
Event: 0.144 Thread 0x00007fdf4a00a000 Uncommon trap: reason=unstable_if action=reinterpret pc=0x000000010aae7340 method=java.lang.String.indexOf(II)I @ 49
Event: 1.440 Thread 0x00007fdf4a00a000 Uncommon trap: reason=unstable_if action=reinterpret pc=0x000000010abd01c8 method=java.lang.String.toLowerCase(Ljava/util/Locale;)Ljava/lang/String; @ 85
Event: 2.430 Thread 0x00007fdf4a00a000 Uncommon trap: reason=unstable_if action=reinterpret pc=0x000000010ab53ac4 method=java.lang.String.indexOf([CII[CIII)I @ 3
Event: 2.457 Thread 0x00007fdf4a00a000 Uncommon trap: reason=unstable_if action=reinterpret pc=0x000000010ac33234 method=java.awt.image.ComponentColorModel.getRGB(Ljava/lang/Object;)I @ 4
Event: 2.527 Thread 0x00007fdf4a00a000 Uncommon trap: reason=unstable_if action=reinterpret pc=0x000000010abdeed8 method=java.lang.String.<init>([CII)V @ 18

Internal exceptions (10 events):
Event: 5.587 Thread 0x00007fdf4a00a000 Exception <a 'java/lang/AbstractMethodError': net.codepixl.ExamplePlugin.main.update()V> (0x00000007aad11240) thrown at [/HUDSON3/workspace/8-2-build-macosx-x86_64/jdk8u66/4988/hotspot/src/share/vm/interpreter/linkResolver.cpp, line 1323]
Event: 5.596 Thread 0x00007fdf4a00a000 Exception <a 'java/lang/AbstractMethodError': net.codepixl.ExamplePlugin.main.update()V> (0x00000007aad11548) thrown at [/HUDSON3/workspace/8-2-build-macosx-x86_64/jdk8u66/4988/hotspot/src/share/vm/interpreter/linkResolver.cpp, line 1323]
Event: 5.605 Thread 0x00007fdf4a00a000 Exception <a 'java/lang/AbstractMethodError': net.codepixl.ExamplePlugin.main.update()V> (0x00000007aad11850) thrown at [/HUDSON3/workspace/8-2-build-macosx-x86_64/jdk8u66/4988/hotspot/src/share/vm/interpreter/linkResolver.cpp, line 1323]
Event: 5.612 Thread 0x00007fdf4a00a000 Exception <a 'java/lang/AbstractMethodError': net.codepixl.ExamplePlugin.main.update()V> (0x00000007aad11b58) thrown at [/HUDSON3/workspace/8-2-build-macosx-x86_64/jdk8u66/4988/hotspot/src/share/vm/interpreter/linkResolver.cpp, line 1323]
Event: 5.621 Thread 0x00007fdf4a00a000 Exception <a 'java/lang/AbstractMethodError': net.codepixl.ExamplePlugin.main.update()V> (0x00000007aad11e60) thrown at [/HUDSON3/workspace/8-2-build-macosx-x86_64/jdk8u66/4988/hotspot/src/share/vm/interpreter/linkResolver.cpp, line 1323]
Event: 5.630 Thread 0x00007fdf4a00a000 Exception <a 'java/lang/AbstractMethodError': net.codepixl.ExamplePlugin.main.update()V> (0x00000007aad12168) thrown at [/HUDSON3/workspace/8-2-build-macosx-x86_64/jdk8u66/4988/hotspot/src/share/vm/interpreter/linkResolver.cpp, line 1323]
Event: 5.638 Thread 0x00007fdf4a00a000 Exception <a 'java/lang/AbstractMethodError': net.codepixl.ExamplePlugin.main.update()V> (0x00000007aad12470) thrown at [/HUDSON3/workspace/8-2-build-macosx-x86_64/jdk8u66/4988/hotspot/src/share/vm/interpreter/linkResolver.cpp, line 1323]
Event: 5.646 Thread 0x00007fdf4a00a000 Exception <a 'java/lang/AbstractMethodError': net.codepixl.ExamplePlugin.main.update()V> (0x00000007aad12778) thrown at [/HUDSON3/workspace/8-2-build-macosx-x86_64/jdk8u66/4988/hotspot/src/share/vm/interpreter/linkResolver.cpp, line 1323]
Event: 5.655 Thread 0x00007fdf4a00a000 Exception <a 'java/lang/AbstractMethodError': net.codepixl.ExamplePlugin.main.update()V> (0x00000007aad12a80) thrown at [/HUDSON3/workspace/8-2-build-macosx-x86_64/jdk8u66/4988/hotspot/src/share/vm/interpreter/linkResolver.cpp, line 1323]
Event: 5.663 Thread 0x00007fdf4a00a000 Exception <a 'java/lang/AbstractMethodError': net.codepixl.ExamplePlugin.main.update()V> (0x00000007aad12d88) thrown at [/HUDSON3/workspace/8-2-build-macosx-x86_64/jdk8u66/4988/hotspot/src/share/vm/interpreter/linkResolver.cpp, line 1323]

Events (10 events):
Event: 3.798 loading class sun/awt/AppContext$PostShutdownEventRunnable
Event: 3.798 loading class sun/awt/AppContext$PostShutdownEventRunnable done
Event: 3.798 loading class sun/awt/AWTAutoShutdown$1
Event: 3.798 loading class sun/awt/AWTAutoShutdown$1 done
Event: 3.798 Thread 0x00007fdf49cee000 Thread exited: 0x00007fdf49cee000
Event: 4.108 Executing VM operation: EnableBiasedLocking
Event: 4.108 Executing VM operation: EnableBiasedLocking done
Event: 4.540 Thread 0x00007fdf4b3a2800 Thread added: 0x00007fdf4b3a2800
Event: 5.668 loading class org/lwjgl/opengl/CallbackUtil
Event: 5.668 loading class org/lwjgl/opengl/CallbackUtil done


Dynamic libraries:
0x0000000006904000 	/System/Library/Frameworks/Cocoa.framework/Versions/A/Cocoa
0x0000000006904000 	/System/Library/Frameworks/Security.framework/Versions/A/Security
0x0000000006904000 	/System/Library/Frameworks/ApplicationServices.framework/Versions/A/ApplicationServices
0x0000000006904000 	/usr/lib/libz.1.dylib
0x0000000006904000 	/usr/lib/libSystem.B.dylib
0x0000000006904000 	/usr/lib/libobjc.A.dylib
0x0000000006904000 	/System/Library/Frameworks/CoreFoundation.framework/Versions/A/CoreFoundation
0x0000000006904000 	/System/Library/Frameworks/Foundation.framework/Versions/C/Foundation
0x0000000006904000 	/System/Library/Frameworks/AppKit.framework/Versions/C/AppKit
0x0000000006904000 	/System/Library/Frameworks/CoreData.framework/Versions/A/CoreData
0x0000000006904000 	/System/Library/PrivateFrameworks/RemoteViewServices.framework/Versions/A/RemoteViewServices
0x0000000006904000 	/System/Library/PrivateFrameworks/UIFoundation.framework/Versions/A/UIFoundation
0x0000000006904000 	/usr/lib/libScreenReader.dylib
0x0000000006904000 	/System/Library/Frameworks/Accelerate.framework/Versions/A/Accelerate
0x0000000006904000 	/System/Library/Frameworks/IOSurface.framework/Versions/A/IOSurface
0x0000000006904000 	/System/Library/Frameworks/AudioToolbox.framework/Versions/A/AudioToolbox
0x0000000006904000 	/System/Library/Frameworks/AudioUnit.framework/Versions/A/AudioUnit
0x0000000006904000 	/System/Library/PrivateFrameworks/DataDetectorsCore.framework/Versions/A/DataDetectorsCore
0x0000000006904000 	/System/Library/PrivateFrameworks/DesktopServicesPriv.framework/Versions/A/DesktopServicesPriv
0x0000000006904000 	/System/Library/Frameworks/Carbon.framework/Versions/A/Frameworks/HIToolbox.framework/Versions/A/HIToolbox
0x0000000006904000 	/System/Library/Frameworks/QuartzCore.framework/Versions/A/QuartzCore
0x0000000006904000 	/System/Library/Frameworks/Carbon.framework/Versions/A/Frameworks/SpeechRecognition.framework/Versions/A/SpeechRecognition
0x0000000006904000 	/usr/lib/libauto.dylib
0x0000000006904000 	/usr/lib/libicucore.A.dylib
0x0000000006904000 	/usr/lib/libxml2.2.dylib
0x0000000006904000 	/System/Library/PrivateFrameworks/CoreUI.framework/Versions/A/CoreUI
0x0000000006904000 	/System/Library/Frameworks/CoreAudio.framework/Versions/A/CoreAudio
0x0000000006904000 	/System/Library/Frameworks/DiskArbitration.framework/Versions/A/DiskArbitration
0x0000000006904000 	/usr/lib/liblangid.dylib
0x0000000006904000 	/System/Library/PrivateFrameworks/MultitouchSupport.framework/Versions/A/MultitouchSupport
0x0000000006904000 	/System/Library/Frameworks/IOKit.framework/Versions/A/IOKit
0x0000000006904000 	/usr/lib/libDiagnosticMessagesClient.dylib
0x0000000006904000 	/System/Library/Frameworks/CoreServices.framework/Versions/A/CoreServices
0x0000000006904000 	/System/Library/PrivateFrameworks/PerformanceAnalysis.framework/Versions/A/PerformanceAnalysis
0x0000000006904000 	/System/Library/PrivateFrameworks/GenerationalStorage.framework/Versions/A/GenerationalStorage
0x0000000006904000 	/System/Library/Frameworks/OpenGL.framework/Versions/A/OpenGL
0x0000000006904000 	/System/Library/PrivateFrameworks/Sharing.framework/Versions/A/Sharing
0x0000000006904000 	/System/Library/Frameworks/CoreGraphics.framework/Versions/A/CoreGraphics
0x0000000006904000 	/System/Library/Frameworks/CoreImage.framework/Versions/A/CoreImage
0x0000000006904000 	/System/Library/Frameworks/CoreText.framework/Versions/A/CoreText
0x0000000006904000 	/System/Library/Frameworks/ImageIO.framework/Versions/A/ImageIO
0x0000000006904000 	/System/Library/PrivateFrameworks/Backup.framework/Versions/A/Backup
0x0000000006904000 	/usr/lib/libextension.dylib
0x0000000006904000 	/usr/lib/libarchive.2.dylib
0x0000000006904000 	/System/Library/Frameworks/CFNetwork.framework/Versions/A/CFNetwork
0x0000000006904000 	/System/Library/Frameworks/SystemConfiguration.framework/Versions/A/SystemConfiguration
0x0000000006904000 	/usr/lib/libCRFSuite.dylib
0x0000000006904000 	/usr/lib/libc++.1.dylib
0x0000000006904000 	/usr/lib/libc++abi.dylib
0x0000000006904000 	/usr/lib/system/libcache.dylib
0x0000000006904000 	/usr/lib/system/libcommonCrypto.dylib
0x0000000006904000 	/usr/lib/system/libcompiler_rt.dylib
0x0000000006904000 	/usr/lib/system/libcopyfile.dylib
0x0000000006904000 	/usr/lib/system/libcorecrypto.dylib
0x0000000006904000 	/usr/lib/system/libdispatch.dylib
0x0000000006904000 	/usr/lib/system/libdyld.dylib
0x0000000006904000 	/usr/lib/system/libkeymgr.dylib
0x0000000006904000 	/usr/lib/system/liblaunch.dylib
0x0000000006904000 	/usr/lib/system/libmacho.dylib
0x0000000006904000 	/usr/lib/system/libquarantine.dylib
0x0000000006904000 	/usr/lib/system/libremovefile.dylib
0x0000000006904000 	/usr/lib/system/libsystem_asl.dylib
0x0000000006904000 	/usr/lib/system/libsystem_blocks.dylib
0x0000000006904000 	/usr/lib/system/libsystem_c.dylib
0x0000000006904000 	/usr/lib/system/libsystem_configuration.dylib
0x0000000006904000 	/usr/lib/system/libsystem_coreservices.dylib
0x0000000006904000 	/usr/lib/system/libsystem_coretls.dylib
0x0000000006904000 	/usr/lib/system/libsystem_dnssd.dylib
0x0000000006904000 	/usr/lib/system/libsystem_info.dylib
0x0000000006904000 	/usr/lib/system/libsystem_kernel.dylib
0x0000000006904000 	/usr/lib/system/libsystem_m.dylib
0x0000000006904000 	/usr/lib/system/libsystem_malloc.dylib
0x0000000006904000 	/usr/lib/system/libsystem_network.dylib
0x0000000006904000 	/usr/lib/system/libsystem_networkextension.dylib
0x0000000006904000 	/usr/lib/system/libsystem_notify.dylib
0x0000000006904000 	/usr/lib/system/libsystem_platform.dylib
0x0000000006904000 	/usr/lib/system/libsystem_pthread.dylib
0x0000000006904000 	/usr/lib/system/libsystem_sandbox.dylib
0x0000000006904000 	/usr/lib/system/libsystem_secinit.dylib
0x0000000006904000 	/usr/lib/system/libsystem_trace.dylib
0x0000000006904000 	/usr/lib/system/libunc.dylib
0x0000000006904000 	/usr/lib/system/libunwind.dylib
0x0000000006904000 	/usr/lib/system/libxpc.dylib
0x0000000006904000 	/usr/lib/libenergytrace.dylib
0x0000000006904000 	/usr/lib/libbsm.0.dylib
0x0000000006904000 	/usr/lib/system/libkxld.dylib
0x0000000006904000 	/usr/lib/libxar.1.dylib
0x0000000006904000 	/usr/lib/libsqlite3.dylib
0x0000000006904000 	/usr/lib/libpam.2.dylib
0x0000000006904000 	/usr/lib/libOpenScriptingUtil.dylib
0x0000000006904000 	/usr/lib/libbz2.1.0.dylib
0x0000000006904000 	/usr/lib/liblzma.5.dylib
0x0000000006904000 	/System/Library/Frameworks/CoreServices.framework/Versions/A/Frameworks/FSEvents.framework/Versions/A/FSEvents
0x0000000006904000 	/System/Library/Frameworks/CoreServices.framework/Versions/A/Frameworks/CarbonCore.framework/Versions/A/CarbonCore
0x0000000006904000 	/System/Library/Frameworks/CoreServices.framework/Versions/A/Frameworks/Metadata.framework/Versions/A/Metadata
0x0000000006904000 	/System/Library/Frameworks/CoreServices.framework/Versions/A/Frameworks/OSServices.framework/Versions/A/OSServices
0x0000000006904000 	/System/Library/Frameworks/CoreServices.framework/Versions/A/Frameworks/SearchKit.framework/Versions/A/SearchKit
0x0000000006904000 	/System/Library/Frameworks/CoreServices.framework/Versions/A/Frameworks/AE.framework/Versions/A/AE
0x0000000006904000 	/System/Library/Frameworks/CoreServices.framework/Versions/A/Frameworks/LaunchServices.framework/Versions/A/LaunchServices
0x0000000006904000 	/System/Library/Frameworks/CoreServices.framework/Versions/A/Frameworks/DictionaryServices.framework/Versions/A/DictionaryServices
0x0000000006904000 	/System/Library/Frameworks/CoreServices.framework/Versions/A/Frameworks/SharedFileList.framework/Versions/A/SharedFileList
0x0000000006904000 	/System/Library/Frameworks/NetFS.framework/Versions/A/NetFS
0x0000000006904000 	/System/Library/PrivateFrameworks/NetAuth.framework/Versions/A/NetAuth
0x0000000006904000 	/System/Library/PrivateFrameworks/login.framework/Versions/A/Frameworks/loginsupport.framework/Versions/A/loginsupport
0x0000000006904000 	/System/Library/PrivateFrameworks/TCC.framework/Versions/A/TCC
0x0000000006904000 	/usr/lib/libmecabra.dylib
0x0000000006904000 	/System/Library/Frameworks/ApplicationServices.framework/Versions/A/Frameworks/ATS.framework/Versions/A/ATS
0x0000000006904000 	/System/Library/Frameworks/ApplicationServices.framework/Versions/A/Frameworks/ColorSync.framework/Versions/A/ColorSync
0x0000000006904000 	/System/Library/Frameworks/ApplicationServices.framework/Versions/A/Frameworks/HIServices.framework/Versions/A/HIServices
0x0000000006904000 	/System/Library/Frameworks/ApplicationServices.framework/Versions/A/Frameworks/LangAnalysis.framework/Versions/A/LangAnalysis
0x0000000006904000 	/System/Library/Frameworks/ApplicationServices.framework/Versions/A/Frameworks/PrintCore.framework/Versions/A/PrintCore
0x0000000006904000 	/System/Library/Frameworks/ApplicationServices.framework/Versions/A/Frameworks/QD.framework/Versions/A/QD
0x0000000006904000 	/System/Library/Frameworks/ApplicationServices.framework/Versions/A/Frameworks/SpeechSynthesis.framework/Versions/A/SpeechSynthesis
0x0000000006904000 	/System/Library/Frameworks/Metal.framework/Versions/A/Metal
0x0000000006904000 	/System/Library/Frameworks/Accelerate.framework/Versions/A/Frameworks/vImage.framework/Versions/A/vImage
0x0000000006904000 	/System/Library/Frameworks/Accelerate.framework/Versions/A/Frameworks/vecLib.framework/Versions/A/vecLib
0x0000000006904000 	/System/Library/Frameworks/Accelerate.framework/Versions/A/Frameworks/vecLib.framework/Versions/A/libvDSP.dylib
0x0000000006904000 	/System/Library/Frameworks/Accelerate.framework/Versions/A/Frameworks/vecLib.framework/Versions/A/libvMisc.dylib
0x0000000006904000 	/System/Library/Frameworks/Accelerate.framework/Versions/A/Frameworks/vecLib.framework/Versions/A/libLAPACK.dylib
0x0000000006904000 	/System/Library/Frameworks/Accelerate.framework/Versions/A/Frameworks/vecLib.framework/Versions/A/libBLAS.dylib
0x0000000006904000 	/System/Library/Frameworks/Accelerate.framework/Versions/A/Frameworks/vecLib.framework/Versions/A/libLinearAlgebra.dylib
0x0000000006904000 	/System/Library/Frameworks/Accelerate.framework/Versions/A/Frameworks/vecLib.framework/Versions/A/libSparseBLAS.dylib
0x0000000006904000 	/System/Library/PrivateFrameworks/GPUCompiler.framework/libmetal_timestamp.dylib
0x0000000006904000 	/System/Library/Frameworks/OpenGL.framework/Versions/A/Libraries/libCoreFSCache.dylib
0x0000000006904000 	/System/Library/PrivateFrameworks/IOAccelerator.framework/Versions/A/IOAccelerator
0x0000000006904000 	/System/Library/Frameworks/ApplicationServices.framework/Versions/A/Frameworks/ATS.framework/Versions/A/Resources/libFontParser.dylib
0x0000000006904000 	/System/Library/Frameworks/ApplicationServices.framework/Versions/A/Frameworks/ATS.framework/Versions/A/Resources/libFontRegistry.dylib
0x0000000006904000 	/System/Library/PrivateFrameworks/AppleVPA.framework/Versions/A/AppleVPA
0x0000000006904000 	/System/Library/PrivateFrameworks/AppleJPEG.framework/Versions/A/AppleJPEG
0x0000000006904000 	/System/Library/Frameworks/ImageIO.framework/Versions/A/Resources/libJPEG.dylib
0x0000000006904000 	/System/Library/Frameworks/ImageIO.framework/Versions/A/Resources/libTIFF.dylib
0x0000000006904000 	/System/Library/Frameworks/ImageIO.framework/Versions/A/Resources/libPng.dylib
0x0000000006904000 	/System/Library/Frameworks/ImageIO.framework/Versions/A/Resources/libGIF.dylib
0x0000000006904000 	/System/Library/Frameworks/ImageIO.framework/Versions/A/Resources/libJP2.dylib
0x0000000006904000 	/System/Library/Frameworks/ImageIO.framework/Versions/A/Resources/libRadiance.dylib
0x0000000006904000 	/System/Library/Frameworks/CoreVideo.framework/Versions/A/CoreVideo
0x0000000006904000 	/System/Library/Frameworks/OpenGL.framework/Versions/A/Libraries/libGLU.dylib
0x0000000006904000 	/System/Library/Frameworks/OpenGL.framework/Versions/A/Libraries/libGFXShared.dylib
0x0000000006904000 	/System/Library/Frameworks/OpenGL.framework/Versions/A/Libraries/libGL.dylib
0x0000000006904000 	/System/Library/Frameworks/OpenGL.framework/Versions/A/Libraries/libGLImage.dylib
0x0000000006904000 	/System/Library/Frameworks/OpenGL.framework/Versions/A/Libraries/libCVMSPluginSupport.dylib
0x0000000006904000 	/System/Library/Frameworks/OpenGL.framework/Versions/A/Libraries/libCoreVMClient.dylib
0x0000000006904000 	/usr/lib/libcups.2.dylib
0x0000000006904000 	/System/Library/Frameworks/Kerberos.framework/Versions/A/Kerberos
0x0000000006904000 	/System/Library/Frameworks/GSS.framework/Versions/A/GSS
0x0000000006904000 	/usr/lib/libresolv.9.dylib
0x0000000006904000 	/usr/lib/libiconv.2.dylib
0x0000000006904000 	/System/Library/PrivateFrameworks/Heimdal.framework/Versions/A/Heimdal
0x0000000006904000 	/usr/lib/libheimdal-asn1.dylib
0x0000000006904000 	/System/Library/Frameworks/OpenDirectory.framework/Versions/A/OpenDirectory
0x0000000006904000 	/System/Library/PrivateFrameworks/CommonAuth.framework/Versions/A/CommonAuth
0x0000000006904000 	/System/Library/Frameworks/OpenDirectory.framework/Versions/A/Frameworks/CFOpenDirectory.framework/Versions/A/CFOpenDirectory
0x0000000006904000 	/System/Library/Frameworks/SecurityFoundation.framework/Versions/A/SecurityFoundation
0x0000000006904000 	/System/Library/PrivateFrameworks/LanguageModeling.framework/Versions/A/LanguageModeling
0x0000000006904000 	/usr/lib/libmarisa.dylib
0x0000000006904000 	/usr/lib/libChineseTokenizer.dylib
0x0000000006904000 	/usr/lib/libcmph.dylib
0x0000000006904000 	/usr/lib/libcompression.dylib
0x0000000006904000 	/System/Library/Frameworks/ServiceManagement.framework/Versions/A/ServiceManagement
0x0000000006904000 	/usr/lib/libxslt.1.dylib
0x0000000006904000 	/System/Library/Frameworks/Carbon.framework/Versions/A/Frameworks/Ink.framework/Versions/A/Ink
0x0000000006904000 	/usr/lib/libFosl_dynamic.dylib
0x0000000006904000 	/System/Library/PrivateFrameworks/FaceCore.framework/Versions/A/FaceCore
0x0000000006904000 	/System/Library/Frameworks/OpenCL.framework/Versions/A/OpenCL
0x0000000006904000 	/System/Library/PrivateFrameworks/CrashReporterSupport.framework/Versions/A/CrashReporterSupport
0x0000000006904000 	/System/Library/PrivateFrameworks/IconServices.framework/Versions/A/IconServices
0x0000000006904000 	/System/Library/PrivateFrameworks/Apple80211.framework/Versions/A/Apple80211
0x0000000006904000 	/System/Library/Frameworks/CoreWLAN.framework/Versions/A/CoreWLAN
0x0000000006904000 	/System/Library/Frameworks/IOBluetooth.framework/Versions/A/IOBluetooth
0x0000000006904000 	/System/Library/PrivateFrameworks/CoreWiFi.framework/Versions/A/CoreWiFi
0x0000000006904000 	/System/Library/Frameworks/CoreBluetooth.framework/Versions/A/CoreBluetooth
0x0000000006904000 	/System/Library/PrivateFrameworks/ChunkingLibrary.framework/Versions/A/ChunkingLibrary
0x0000000006904000 	/System/Library/PrivateFrameworks/DebugSymbols.framework/Versions/A/DebugSymbols
0x0000000006904000 	/System/Library/PrivateFrameworks/CoreSymbolication.framework/Versions/A/CoreSymbolication
0x0000000006904000 	/System/Library/PrivateFrameworks/Symbolication.framework/Versions/A/Symbolication
0x0000000006904000 	/System/Library/PrivateFrameworks/SpeechRecognitionCore.framework/Versions/A/SpeechRecognitionCore
0x0000000109a00000 	/Library/Java/JavaVirtualMachines/jdk1.8.0_66.jdk/Contents/Home/jre/lib/server/libjvm.dylib
0x0000000006904000 	/usr/lib/libstdc++.6.dylib
0x00000001091dd000 	/Library/Java/JavaVirtualMachines/jdk1.8.0_66.jdk/Contents/Home/jre/lib/libverify.dylib
0x000000010a986000 	/Library/Java/JavaVirtualMachines/jdk1.8.0_66.jdk/Contents/Home/jre/lib/libjava.dylib
0x00000001091f5000 	/Library/Java/JavaVirtualMachines/jdk1.8.0_66.jdk/Contents/Home/jre/lib/libzip.dylib
0x000000011ddb4000 	/System/Library/Frameworks/JavaVM.framework/Frameworks/JavaRuntimeSupport.framework/JavaRuntimeSupport
0x000000011ddcf000 	/System/Library/Frameworks/JavaVM.framework/Versions/A/Frameworks/JavaNativeFoundation.framework/Versions/A/JavaNativeFoundation
0x000000011dde4000 	/System/Library/Frameworks/JavaVM.framework/Versions/A/JavaVM
0x0000000006904000 	/System/Library/Frameworks/Carbon.framework/Versions/A/Carbon
0x000000011ddf1000 	/System/Library/PrivateFrameworks/JavaLaunching.framework/Versions/A/JavaLaunching
0x0000000006904000 	/System/Library/Frameworks/Carbon.framework/Versions/A/Frameworks/CommonPanels.framework/Versions/A/CommonPanels
0x0000000006904000 	/System/Library/Frameworks/Carbon.framework/Versions/A/Frameworks/Help.framework/Versions/A/Help
0x0000000006904000 	/System/Library/Frameworks/Carbon.framework/Versions/A/Frameworks/ImageCapture.framework/Versions/A/ImageCapture
0x0000000006904000 	/System/Library/Frameworks/Carbon.framework/Versions/A/Frameworks/OpenScripting.framework/Versions/A/OpenScripting
0x0000000006904000 	/System/Library/Frameworks/Carbon.framework/Versions/A/Frameworks/Print.framework/Versions/A/Print
0x0000000006904000 	/System/Library/Frameworks/Carbon.framework/Versions/A/Frameworks/SecurityHI.framework/Versions/A/SecurityHI
0x000000011f72b000 	/Library/Java/JavaVirtualMachines/jdk1.8.0_66.jdk/Contents/Home/jre/lib/libawt.dylib
0x000000011f7d3000 	/Library/Java/JavaVirtualMachines/jdk1.8.0_66.jdk/Contents/Home/jre/lib/./libmlib_image.dylib
0x000000011f89f000 	/Library/Java/JavaVirtualMachines/jdk1.8.0_66.jdk/Contents/Home/jre/lib/libawt_lwawt.dylib
0x000000011f954000 	/Library/Java/JavaVirtualMachines/jdk1.8.0_66.jdk/Contents/Home/jre/lib/./libosxapp.dylib
0x0000000006904000 	/System/Library/Frameworks/ExceptionHandling.framework/Versions/A/ExceptionHandling
0x0000000006904000 	/System/Library/PrivateFrameworks/CoreServicesInternal.framework/Versions/A/CoreServicesInternal
0x0000000006904000 	/System/Library/Frameworks/CoreGraphics.framework/Versions/A/Resources/libRIP.A.dylib
0x0000000006904000 	/System/Library/Frameworks/Accelerate.framework/Versions/A/Frameworks/vImage.framework/Versions/A/Libraries/libCGInterfaces.dylib
0x0000000006904000 	/System/Library/Frameworks/CoreGraphics.framework/Versions/A/Resources/libCGXType.A.dylib
0x0000000006904000 	/System/Library/Frameworks/OpenCL.framework/Versions/A/Libraries/libcldcpuengine.dylib
0x0000000006904000 	/System/Library/PrivateFrameworks/DiskImages.framework/Versions/A/DiskImages
0x0000000006904000 	/System/Library/Frameworks/DiscRecording.framework/Versions/A/DiscRecording
0x0000000006904000 	/usr/lib/libcsfde.dylib
0x0000000006904000 	/usr/lib/libcurl.4.dylib
0x0000000006904000 	/System/Library/PrivateFrameworks/MediaKit.framework/Versions/A/MediaKit
0x0000000006904000 	/System/Library/PrivateFrameworks/ProtectedCloudStorage.framework/Versions/A/ProtectedCloudStorage
0x0000000006904000 	/usr/lib/libCoreStorage.dylib
0x0000000006904000 	/System/Library/PrivateFrameworks/EFILogin.framework/Versions/A/EFILogin
0x0000000006904000 	/usr/lib/libutil.dylib
0x0000000006904000 	/System/Library/PrivateFrameworks/FindMyDevice.framework/Versions/A/FindMyDevice
0x0000000006904000 	/System/Library/Frameworks/LDAP.framework/Versions/A/LDAP
0x0000000006904000 	/usr/lib/libsasl2.2.dylib
0x0000000006904000 	/System/Library/PrivateFrameworks/CoreDaemon.framework/Versions/B/CoreDaemon
0x0000000006904000 	/usr/lib/libcrypto.0.9.8.dylib
0x0000000006904000 	/System/Library/PrivateFrameworks/AppleSRP.framework/Versions/A/AppleSRP
0x0000000006904000 	/System/Library/PrivateFrameworks/TrustEvaluationAgent.framework/Versions/A/TrustEvaluationAgent
0x0000000121618000 	cl_kernels
0x0000000006904000 	/System/Library/Frameworks/OpenCL.framework/Versions/A/Libraries/ImageFormats/unorm8_bgra.dylib
0x0000000006904000 	/System/Library/Frameworks/OpenCL.framework/Versions/A/Libraries/ImageFormats/unorm8_rgba.dylib
0x0000000006904000 	/System/Library/PrivateFrameworks/FamilyControls.framework/Versions/A/FamilyControls
0x0000000006904000 	/System/Library/PrivateFrameworks/CommerceKit.framework/Versions/A/Frameworks/CommerceCore.framework/Versions/A/CommerceCore
0x0000000006904000 	/System/Library/PrivateFrameworks/SystemAdministration.framework/Versions/A/SystemAdministration
0x0000000006904000 	/System/Library/PrivateFrameworks/AppContainer.framework/Versions/A/AppContainer
0x0000000006904000 	/System/Library/PrivateFrameworks/SecCodeWrapper.framework/Versions/A/SecCodeWrapper
0x0000000006904000 	/System/Library/Frameworks/DirectoryService.framework/Versions/A/DirectoryService
0x0000000006904000 	/System/Library/PrivateFrameworks/LoginUIKit.framework/Versions/A/Frameworks/LoginUICore.framework/Versions/A/LoginUICore
0x0000000006904000 	/usr/lib/libodfde.dylib
0x000000012270e000 	/Library/Java/JavaVirtualMachines/jdk1.8.0_66.jdk/Contents/Home/jre/lib/libfontmanager.dylib
0x0000000122775000 	/Users/Codepixl/Documents/workspace/GLCraft/res/natives/liblwjgl.dylib
0x0000000120a0d000 	/Library/Java/JavaVirtualMachines/jdk1.8.0_66.jdk/Contents/Home/jre/lib/libjawt.dylib
0x0000000006904000 	/System/Library/Frameworks/OpenGL.framework/Versions/A/Resources/GLEngine.bundle/GLEngine
0x0000000006904000 	/System/Library/Frameworks/OpenGL.framework/Versions/A/Libraries/libGLProgrammability.dylib
0x00000001227f7000 	/System/Library/Extensions/AppleIntelHD5000GraphicsGLDriver.bundle/Contents/MacOS/AppleIntelHD5000GraphicsGLDriver
0x0000000006904000 	/System/Library/PrivateFrameworks/GPUSupport.framework/Versions/A/Libraries/libGPUSupportMercury.dylib
0x0000000006904000 	/System/Library/Frameworks/OpenGL.framework/Versions/A/Resources/GLRendererFloat.bundle/GLRendererFloat
0x00000001257d4000 	/Library/Java/JavaVirtualMachines/jdk1.8.0_66.jdk/Contents/Home/jre/lib/libnet.dylib
0x0000000125862000 	/Library/Java/JavaVirtualMachines/jdk1.8.0_66.jdk/Contents/Home/jre/lib/libnio.dylib
0x0000000006904000 	/System/Library/Frameworks/ApplicationServices.framework/Versions/A/Frameworks/ATS.framework/Versions/A/Resources/libTrueTypeScaler.dylib
0x0000000177020000 	/Users/Codepixl/Documents/workspace/GLCraft/res/natives/openal.dylib
0x000000017707c000 	/System/Library/Components/CoreAudio.component/Contents/MacOS/CoreAudio
0x000000017723e000 	/System/Library/Extensions/AppleHDA.kext/Contents/PlugIns/AppleHDAHALPlugIn.bundle/Contents/MacOS/AppleHDAHALPlugIn

VM Arguments:
jvm_args: -Djava.library.path=/Users/Codepixl/Documents/workspace/GLCraft/res/natives -Dfile.encoding=UTF-8 
java_command: net.codepixl.GLCraft.GLCraft
java_class_path (initial): /Users/Codepixl/Documents/workspace/GLCraft/bin:/Users/Codepixl/Documents/workspace/GLCraft/res/jar/GLUtils.jar:/Users/Codepixl/Documents/workspace/GLCraft/res/jar/JSplashScreen.jar:/Users/Codepixl/Documents/workspace/GLCraft/res/jar/lwjgl_util.jar:/Users/Codepixl/Documents/workspace/GLCraft/res/jar/lwjgl.jar:/Users/Codepixl/Documents/workspace/GLCraft/res/jar/slick-util.jar:/Users/Codepixl/Documents/workspace/GLCraft/res/jar/commons-lang3-3.1.jar:/Users/Codepixl/Documents/workspace/GLCraft/res/jar/guava-18.0.jar:/Users/Codepixl/Documents/workspace/GLCraft/res/jar/nbt.jar:/Users/Codepixl/Documents/workspace/GLCraft/res/jar/json-20151123.jar:/Users/Codepixl/Documents/workspace/GLCraft/res/jar/zip4j_1.3.2.jar:/Users/Codepixl/Documents/workspace/GLCraft/res/jar/jgoodies-common-1.8.0.jar:/Users/Codepixl/Documents/workspace/GLCraft/res/jar/jgoodies-forms-1.8.0.jar:/Users/Codepixl/Documents/workspace/GLCraft/res/jar/LibraryLWJGLOpenAL.jar:/Users/Codepixl/Documents/workspace/GLCraft/res/jar/SoundSystem.jar:/Users/Codepixl/Documents/workspace/GLCraft/res/jar/CodecWav.jar
Launcher Type: SUN_STANDARD

Environment Variables:
PATH=/usr/bin:/bin:/usr/sbin:/sbin
SHELL=/bin/bash

Signal Handlers:
SIGSEGV: [libjvm.dylib+0x5a65d5], sa_mask[0]=11111111011111110111111111111111, sa_flags=SA_ONSTACK|SA_RESTART|SA_SIGINFO
SIGBUS: [libjvm.dylib+0x5a65d5], sa_mask[0]=11111111011111110111111111111111, sa_flags=SA_RESTART|SA_SIGINFO
SIGFPE: [libjvm.dylib+0x4802e8], sa_mask[0]=11111111011111110111111111111111, sa_flags=SA_RESTART|SA_SIGINFO
SIGPIPE: [libjvm.dylib+0x4802e8], sa_mask[0]=11111111011111110111111111111111, sa_flags=SA_RESTART|SA_SIGINFO
SIGXFSZ: [libjvm.dylib+0x4802e8], sa_mask[0]=11111111011111110111111111111111, sa_flags=SA_RESTART|SA_SIGINFO
SIGILL: [libjvm.dylib+0x4802e8], sa_mask[0]=11111111011111110111111111111111, sa_flags=SA_RESTART|SA_SIGINFO
SIGUSR1: SIG_DFL, sa_mask[0]=00000000000000000000000000000000, sa_flags=none
SIGUSR2: [libjvm.dylib+0x47fe06], sa_mask[0]=00100000000000000000000000000000, sa_flags=SA_RESTART|SA_SIGINFO
SIGHUP: [libjvm.dylib+0x47e3dd], sa_mask[0]=11111111011111110111111111111111, sa_flags=SA_RESTART|SA_SIGINFO
SIGINT: [libjvm.dylib+0x47e3dd], sa_mask[0]=11111111011111110111111111111111, sa_flags=SA_RESTART|SA_SIGINFO
SIGTERM: [libjvm.dylib+0x47e3dd], sa_mask[0]=11111111011111110111111111111111, sa_flags=SA_RESTART|SA_SIGINFO
SIGQUIT: [libjvm.dylib+0x47e3dd], sa_mask[0]=11111111011111110111111111111111, sa_flags=SA_RESTART|SA_SIGINFO


---------------  S Y S T E M  ---------------

OS:Bsduname:Darwin 15.2.0 Darwin Kernel Version 15.2.0: Fri Nov 13 19:56:56 PST 2015; root:xnu-3248.20.55~2/RELEASE_X86_64 x86_64
rlimit: STACK 8192k, CORE 0k, NPROC 709, NOFILE 10240, AS infinity
load average:2.22 2.04 1.84

CPU:total 4 (2 cores per cpu, 2 threads per core) family 6 model 69 stepping 1, cmov, cx8, fxsr, mmx, sse, sse2, sse3, ssse3, sse4.1, sse4.2, popcnt, avx, avx2, aes, clmul, erms, lzcnt, ht, tsc, tscinvbit, bmi1, bmi2

Memory: 4k page, physical 4194304k(54520k free)

/proc/meminfo:


vm_info: Java HotSpot(TM) 64-Bit Server VM (25.66-b17) for bsd-amd64 JRE (1.8.0_66-b17), built on Oct  6 2015 16:09:13 by "java_re" with gcc 4.2.1 (Based on Apple Inc. build 5658) (LLVM build 2336.11.00)

time: Mon Feb  1 08:44:15 2016
elapsed time: 5 seconds (0d 0h 0m 5s)

